#
# There is insufficient memory for the Java Runtime Environment to continue.
# Native memory allocation (mmap) failed to map 134217728 bytes for Failed to commit area from 0x0000000081e00000 to 0x0000000089e00000 of length 134217728.
# Possible reasons:
#   The system is out of physical RAM or swap space
#   The process is running with CompressedOops enabled, and the Java Heap may be blocking the growth of the native heap
# Possible solutions:
#   Reduce memory load on the system
#   Increase physical memory or swap space
#   Check if swap backing store is full
#   Decrease Java heap size (-Xmx/-Xms)
#   Decrease number of Java threads
#   Decrease Java thread stack sizes (-Xss)
#   Set larger code cache with -XX:ReservedCodeCacheSize=
# This output file may be truncated or incomplete.
#
#  Out of Memory Error (./src/hotspot/os/windows/os_windows.cpp:3303), pid=16520, tid=14168
#
# JRE version:  (11.0.9.1+11) (build )
# Java VM: OpenJDK 64-Bit Server VM (11.0.9.1+11-b1145.63, mixed mode, sharing, tiered, compressed oops, g1 gc, windows-amd64)
# No core dump will be written. Minidumps are not enabled by default on client versions of Windows
#

---------------  S U M M A R Y ------------

Command Line: org.jetbrains.git4idea.http.GitAskPassApp Username for 'https://github.com': 

Host: Intel(R) Core(TM) i5-3317U CPU @ 1.70GHz, 4 cores, 7G,  Windows 10 , 64 bit Build 17134 (10.0.17134.753)
Time: Fri Feb  5 20:13:26 2021 RTZ 2 (ceia) elapsed time: 0.046158 seconds (0d 0h 0m 0s)

---------------  T H R E A D  ---------------

Current thread (0x00000208117eb800):  JavaThread "Unknown thread" [_thread_in_vm, id=14168, stack(0x00000024db900000,0x00000024dba00000)]

Stack: [0x00000024db900000,0x00000024dba00000]
Native frames: (J=compiled Java code, j=interpreted, Vv=VM code, C=native code)
V  [jvm.dll+0x5edd9a]
V  [jvm.dll+0x7229c5]
V  [jvm.dll+0x723f1d]
V  [jvm.dll+0x7245d3]
V  [jvm.dll+0x2431b8]
V  [jvm.dll+0x5eb234]
V  [jvm.dll+0x5e0325]
V  [jvm.dll+0x2fe60b]
V  [jvm.dll+0x2fe57a]
V  [jvm.dll+0x2fe452]
V  [jvm.dll+0x303346]
V  [jvm.dll+0x34ba83]
V  [jvm.dll+0x34c186]
V  [jvm.dll+0x34bb83]
V  [jvm.dll+0x2d9218]
V  [jvm.dll+0x2da3c7]
V  [jvm.dll+0x701a67]
V  [jvm.dll+0x70325c]
V  [jvm.dll+0x359049]
V  [jvm.dll+0x6e552e]
V  [jvm.dll+0x3c1353]
V  [jvm.dll+0x3c3571]
C  [jli.dll+0x5373]
C  [ucrtbase.dll+0x1e3fe]
C  [KERNEL32.DLL+0x14034]
C  [ntdll.dll+0x73691]


---------------  P R O C E S S  ---------------

Threads class SMR info:
_java_thread_list=0x00000208116d0bd0, length=0, elements={
}

Java Threads: ( => current thread )

Other Threads:
  0x0000020811805800 GCTaskThread "GC Thread#0" [stack: 0x00000024dba00000,0x00000024dbb00000] [id=3532]
  0x0000020811837800 ConcurrentGCThread "G1 Main Marker" [stack: 0x00000024dbb00000,0x00000024dbc00000] [id=10012]
  0x0000020811838800 ConcurrentGCThread "G1 Conc#0" [stack: 0x00000024dbc00000,0x00000024dbd00000] [id=10316]

[error occurred during error reporting (printing all threads), id 0xc0000005, EXCEPTION_ACCESS_VIOLATION (0xc0000005) at pc=0x00007ff92bb89807]

VM state:not at safepoint (not fully initialized)

VM Mutex/Monitor currently owned by a thread:  ([mutex/lock_event])
[0x00000208117e9ec0] Heap_lock - owner thread: 0x00000208117eb800

Heap address: 0x0000000081e00000, size: 2018 MB, Compressed Oops mode: Non-zero based: 0x0000000081e00000
Narrow klass base: 0x0000000000000000, Narrow klass shift: 0

GC Heap History (0 events):
No events

Deoptimization events (0 events):
No events

Classes redefined (0 events):
No events

Internal exceptions (0 events):
No events

Events (1 events):
Event: 0.016 Loaded shared library C:\Program Files\JetBrains\IntelliJ IDEA Community Edition 2020.3.1\jbr\bin\zip.dll


Dynamic libraries:
0x00007ff604ff0000 - 0x00007ff604ffa000 	C:\Program Files\JetBrains\IntelliJ IDEA Community Edition 2020.3.1\jbr\bin\java.exe
0x00007ff964560000 - 0x00007ff964741000 	C:\WINDOWS\SYSTEM32\ntdll.dll
0x00007ff962530000 - 0x00007ff9625e1000 	C:\WINDOWS\System32\KERNEL32.DLL
0x00007ff961050000 - 0x00007ff9612c3000 	C:\WINDOWS\System32\KERNELBASE.dll
0x00007ff9617d0000 - 0x00007ff9618c8000 	C:\WINDOWS\System32\ucrtbase.dll
0x00007ff94fef0000 - 0x00007ff94ff07000 	C:\Program Files\JetBrains\IntelliJ IDEA Community Edition 2020.3.1\jbr\bin\VCRUNTIME140.dll
0x00007ff94d1d0000 - 0x00007ff94d1e9000 	C:\Program Files\JetBrains\IntelliJ IDEA Community Edition 2020.3.1\jbr\bin\jli.dll
0x00007ff962330000 - 0x00007ff9624c0000 	C:\WINDOWS\System32\USER32.dll
0x00007ff953f40000 - 0x00007ff9541a9000 	C:\WINDOWS\WinSxS\amd64_microsoft.windows.common-controls_6595b64144ccf1df_6.0.17134.1345_none_d3ffd07b7c9058ed\COMCTL32.dll
0x00007ff9617b0000 - 0x00007ff9617d0000 	C:\WINDOWS\System32\win32u.dll
0x00007ff9619b0000 - 0x00007ff961a4e000 	C:\WINDOWS\System32\msvcrt.dll
0x00007ff961bb0000 - 0x00007ff961bd8000 	C:\WINDOWS\System32\GDI32.dll
0x00007ff961be0000 - 0x00007ff961f01000 	C:\WINDOWS\System32\combase.dll
0x00007ff9612d0000 - 0x00007ff961461000 	C:\WINDOWS\System32\gdi32full.dll
0x00007ff9627a0000 - 0x00007ff9628c4000 	C:\WINDOWS\System32\RPCRT4.dll
0x00007ff9618d0000 - 0x00007ff961949000 	C:\WINDOWS\System32\bcryptPrimitives.dll
0x00007ff961710000 - 0x00007ff9617af000 	C:\WINDOWS\System32\msvcp_win.dll
0x00007ff963080000 - 0x00007ff9630ad000 	C:\WINDOWS\System32\IMM32.DLL
0x00007ff9382d0000 - 0x00007ff93836d000 	C:\Program Files\JetBrains\IntelliJ IDEA Community Edition 2020.3.1\jbr\bin\msvcp140.dll
0x00007ff92b8a0000 - 0x00007ff92c36e000 	C:\Program Files\JetBrains\IntelliJ IDEA Community Edition 2020.3.1\jbr\bin\server\jvm.dll
0x00007ff962670000 - 0x00007ff962711000 	C:\WINDOWS\System32\ADVAPI32.dll
0x00007ff962610000 - 0x00007ff96266b000 	C:\WINDOWS\System32\sechost.dll
0x00007ff962e90000 - 0x00007ff962e98000 	C:\WINDOWS\System32\PSAPI.DLL
0x00007ff952660000 - 0x00007ff952669000 	C:\WINDOWS\SYSTEM32\WSOCK32.dll
0x00007ff95d2a0000 - 0x00007ff95d2c3000 	C:\WINDOWS\SYSTEM32\WINMM.dll
0x00007ff9624c0000 - 0x00007ff96252c000 	C:\WINDOWS\System32\WS2_32.dll
0x00007ff95d270000 - 0x00007ff95d29a000 	C:\WINDOWS\SYSTEM32\winmmbase.dll
0x00007ff954760000 - 0x00007ff95476a000 	C:\WINDOWS\SYSTEM32\VERSION.dll
0x00007ff9608e0000 - 0x00007ff960929000 	C:\WINDOWS\System32\cfgmgr32.dll
0x00007ff9608c0000 - 0x00007ff9608d1000 	C:\WINDOWS\System32\kernel.appcore.dll
0x00007ff959500000 - 0x00007ff959511000 	C:\Program Files\JetBrains\IntelliJ IDEA Community Edition 2020.3.1\jbr\bin\verify.dll
0x00007ff944860000 - 0x00007ff944a29000 	C:\WINDOWS\SYSTEM32\DBGHELP.DLL
0x00007ff959e10000 - 0x00007ff959e39000 	C:\WINDOWS\SYSTEM32\dbgcore.DLL
0x00007ff9594d0000 - 0x00007ff9594f9000 	C:\Program Files\JetBrains\IntelliJ IDEA Community Edition 2020.3.1\jbr\bin\java.dll
0x00007ff95d070000 - 0x00007ff95d07b000 	C:\Program Files\JetBrains\IntelliJ IDEA Community Edition 2020.3.1\jbr\bin\jimage.dll
0x00007ff9594b0000 - 0x00007ff9594c8000 	C:\Program Files\JetBrains\IntelliJ IDEA Community Edition 2020.3.1\jbr\bin\zip.dll

dbghelp: loaded successfully - version: 4.0.5 - missing functions: none
symbol engine: initialized successfully - sym options: 0x614 - pdb path: .;C:\Program Files\JetBrains\IntelliJ IDEA Community Edition 2020.3.1\jbr\bin;C:\WINDOWS\SYSTEM32;C:\WINDOWS\WinSxS\amd64_microsoft.windows.common-controls_6595b64144ccf1df_6.0.17134.1345_none_d3ffd07b7c9058ed;C:\Program Files\JetBrains\IntelliJ IDEA Community Edition 2020.3.1\jbr\bin\server

VM Arguments:
java_command: org.jetbrains.git4idea.http.GitAskPassApp Username for 'https://github.com': 
java_class_path (initial): C:/Program Files/JetBrains/IntelliJ IDEA Community Edition 2020.3.1/plugins/git4idea/lib/git4idea-rt.jar;C:/Program Files/JetBrains/IntelliJ IDEA Community Edition 2020.3.1/lib/xmlrpc-2.0.1.jar;C:/Program Files/JetBrains/IntelliJ IDEA Community Edition 2020.3.1/lib/commons-codec-1.14.jar
Launcher Type: SUN_STANDARD

[Global flags]
     intx CICompilerCount                          = 3                                         {product} {ergonomic}
     uint ConcGCThreads                            = 1                                         {product} {ergonomic}
     uint G1ConcRefinementThreads                  = 4                                         {product} {ergonomic}
   size_t G1HeapRegionSize                         = 1048576                                   {product} {ergonomic}
    uintx GCDrainStackTargetSize                   = 64                                        {product} {ergonomic}
   size_t InitialHeapSize                          = 134217728                                 {product} {ergonomic}
   size_t MarkStackSize                            = 4194304                                   {product} {ergonomic}
   size_t MaxHeapSize                              = 2116026368                                {product} {ergonomic}
   size_t MinHeapDeltaBytes                        = 1048576                                   {product} {ergonomic}
    uintx NonNMethodCodeHeapSize                   = 5830732                                {pd product} {ergonomic}
    uintx NonProfiledCodeHeapSize                  = 122913754                              {pd product} {ergonomic}
    uintx ProfiledCodeHeapSize                     = 122913754                              {pd product} {ergonomic}
    uintx ReservedCodeCacheSize                    = 251658240                              {pd product} {ergonomic}
     bool SegmentedCodeCache                       = true                                      {product} {ergonomic}
     bool UseCompressedClassPointers               = true                                 {lp64_product} {ergonomic}
     bool UseCompressedOops                        = true                                 {lp64_product} {ergonomic}
     bool UseG1GC                                  = true                                      {product} {ergonomic}
     bool UseLargePagesIndividualAllocation        = false                                  {pd product} {ergonomic}

Logging:
Log output configuration:
 #0: stdout all=warning uptime,level,tags
 #1: stderr all=off uptime,level,tags

Environment Variables:
JAVA_HOME=C:\Program Files\Java\jdk1.8.0_251
PATH=C:/Program Files/Git/mingw64/libexec/git-core;C:/Program Files/Git/mingw64/libexec/git-core;C:\Program Files\Git\mingw64\bin;C:\Program Files\Git\usr\bin;C:\Users\Yura\bin;C:\Program Files\Common Files\Oracle\Java\javapath;C:\Program Files (x86)\Common Files\Oracle\Java\javapath;C:\WINDOWS\system32;C:\WINDOWS;C:\WINDOWS\System32\Wbem;C:\WINDOWS\System32\WindowsPowerShell\v1.0\;C:\Program Files (x86)\QuickTime\QTSystem\;C:\WINDOWS\System32\OpenSSH\;C:\Program Files\Aladdin\eToken\PKIClient\x32;C:\Program Files\Aladdin\eToken\PKIClient\x64;C:\Program Files\Git\cmd;C:\Users\Yura\Downloads\apache-maven-3.6.3\bin;"C:\Users\Yura\AppData\Local\Microsoft\WindowsApps;C:\Program Files\Java\jdk1.8.0_251\bin";"C:\Users\Yura\AppData\Local\Polycom\RealPresence Desktop\;C:\Program Files\Java\jdk1.8.0_251\bin";C:\Program Files\heroku\bin
USERNAME=Yura
DISPLAY=:0.0
LC_ALL=en_US.UTF-8
OS=Windows_NT
PROCESSOR_IDENTIFIER=Intel64 Family 6 Model 58 Stepping 9, GenuineIntel



---------------  S Y S T E M  ---------------

OS: Windows 10 , 64 bit Build 17134 (10.0.17134.753)
OS uptime: 6 days 0:41 hours

CPU:total 4 (initial active 4) (2 cores per cpu, 2 threads per core) family 6 model 58 stepping 9, cmov, cx8, fxsr, mmx, sse, sse2, sse3, ssse3, sse4.1, sse4.2, popcnt, avx, aes, clmul, erms, ht, tsc, tscinvbit, tscinv

Memory: 4k page, system-wide physical 8071M (1130M free)
TotalPageFile size 8071M (AvailPageFile size 50M)
current process WorkingSet (physical memory assigned to process): 9M, peak: 9M
current process commit charge ("private bytes"): 51M, peak: 179M

vm_info: OpenJDK 64-Bit Server VM (11.0.9.1+11-b1145.63) for windows-amd64 JRE (11.0.9.1+11-b1145.63), built on Dec 21 2020 13:58:54 by "" with MS VC++ 14.0 (VS2015)

END.
