#
# There is insufficient memory for the Java Runtime Environment to continue.
# Native memory allocation (mmap) failed to map 134217728 bytes for Failed to commit area from 0x0000000081e00000 to 0x0000000089e00000 of length 134217728.
# Possible reasons:
#   The system is out of physical RAM or swap space
#   The process is running with CompressedOops enabled, and the Java Heap may be blocking the growth of the native heap
# Possible solutions:
#   Reduce memory load on the system
#   Increase physical memory or swap space
#   Check if swap backing store is full
#   Decrease Java heap size (-Xmx/-Xms)
#   Decrease number of Java threads
#   Decrease Java thread stack sizes (-Xss)
#   Set larger code cache with -XX:ReservedCodeCacheSize=
# This output file may be truncated or incomplete.
#
#  Out of Memory Error (./src/hotspot/os/windows/os_windows.cpp:3303), pid=11628, tid=13096
#
# JRE version:  (11.0.9.1+11) (build )
# Java VM: OpenJDK 64-Bit Server VM (11.0.9.1+11-b1145.63, mixed mode, sharing, tiered, compressed oops, g1 gc, windows-amd64)
# No core dump will be written. Minidumps are not enabled by default on client versions of Windows
#

---------------  S U M M A R Y ------------

Command Line: org.jetbrains.git4idea.http.GitAskPassApp Username for 'https://github.com': 

Host: Intel(R) Core(TM) i5-3317U CPU @ 1.70GHz, 4 cores, 7G,  Windows 10 , 64 bit Build 17134 (10.0.17134.753)
Time: Fri Jan 29 23:37:15 2021 RTZ 2 (ceia) elapsed time: 0.036717 seconds (0d 0h 0m 0s)

---------------  T H R E A D  ---------------

Current thread (0x00000155783aa000):  JavaThread "Unknown thread" [_thread_in_vm, id=13096, stack(0x0000003583e00000,0x0000003583f00000)]

Stack: [0x0000003583e00000,0x0000003583f00000]
Native frames: (J=compiled Java code, j=interpreted, Vv=VM code, C=native code)
V  [jvm.dll+0x5edd9a]
V  [jvm.dll+0x7229c5]
V  [jvm.dll+0x723f1d]
V  [jvm.dll+0x7245d3]
V  [jvm.dll+0x2431b8]
V  [jvm.dll+0x5eb234]
V  [jvm.dll+0x5e0325]
V  [jvm.dll+0x2fe60b]
V  [jvm.dll+0x2fe57a]
V  [jvm.dll+0x2fe452]
V  [jvm.dll+0x303346]
V  [jvm.dll+0x34ba83]
V  [jvm.dll+0x34c186]
V  [jvm.dll+0x34bb83]
V  [jvm.dll+0x2d9218]
V  [jvm.dll+0x2da3c7]
V  [jvm.dll+0x701a67]
V  [jvm.dll+0x70325c]
V  [jvm.dll+0x359049]
V  [jvm.dll+0x6e552e]
V  [jvm.dll+0x3c1353]
V  [jvm.dll+0x3c3571]
C  [jli.dll+0x5373]
C  [ucrtbase.dll+0x1e3fe]
C  [KERNEL32.DLL+0x14034]
C  [ntdll.dll+0x73691]


---------------  P R O C E S S  ---------------

Threads class SMR info:
_java_thread_list=0x0000015576261550, length=0, elements={
}

Java Threads: ( => current thread )

Other Threads:
  0x00000155783c4000 GCTaskThread "GC Thread#0" [stack: 0x0000003583f00000,0x0000003584000000] [id=13992]
  0x00000155783f6000 ConcurrentGCThread "G1 Main Marker" [stack: 0x0000003584000000,0x0000003584100000] [id=11888]
  0x00000155783f7800 ConcurrentGCThread "G1 Conc#0" [stack: 0x0000003584100000,0x0000003584200000] [id=3192]

[error occurred during error reporting (printing all threads), id 0xc0000005, EXCEPTION_ACCESS_VIOLATION (0xc0000005) at pc=0x00007ffb5be59807]

VM state:not at safepoint (not fully initialized)

VM Mutex/Monitor currently owned by a thread:  ([mutex/lock_event])
[0x00000155783a8c20] Heap_lock - owner thread: 0x00000155783aa000

Heap address: 0x0000000081e00000, size: 2018 MB, Compressed Oops mode: Non-zero based: 0x0000000081e00000
Narrow klass base: 0x0000000000000000, Narrow klass shift: 0

GC Heap History (0 events):
No events

Deoptimization events (0 events):
No events

Classes redefined (0 events):
No events

Internal exceptions (0 events):
No events

Events (1 events):
Event: 0.018 Loaded shared library C:\Program Files\JetBrains\IntelliJ IDEA Community Edition 2020.3.1\jbr\bin\zip.dll


Dynamic libraries:
0x00007ff7d9100000 - 0x00007ff7d910a000 	C:\Program Files\JetBrains\IntelliJ IDEA Community Edition 2020.3.1\jbr\bin\java.exe
0x00007ffb976e0000 - 0x00007ffb978c1000 	C:\WINDOWS\SYSTEM32\ntdll.dll
0x00007ffb94bd0000 - 0x00007ffb94c81000 	C:\WINDOWS\System32\KERNEL32.DLL
0x00007ffb93b90000 - 0x00007ffb93e03000 	C:\WINDOWS\System32\KERNELBASE.dll
0x00007ffb93e10000 - 0x00007ffb93f08000 	C:\WINDOWS\System32\ucrtbase.dll
0x00007ffb86cd0000 - 0x00007ffb86ce7000 	C:\Program Files\JetBrains\IntelliJ IDEA Community Edition 2020.3.1\jbr\bin\VCRUNTIME140.dll
0x00007ffb889d0000 - 0x00007ffb889e9000 	C:\Program Files\JetBrains\IntelliJ IDEA Community Edition 2020.3.1\jbr\bin\jli.dll
0x00007ffb95ea0000 - 0x00007ffb96030000 	C:\WINDOWS\System32\USER32.dll
0x00007ffb93b10000 - 0x00007ffb93b30000 	C:\WINDOWS\System32\win32u.dll
0x00007ffb87070000 - 0x00007ffb872d9000 	C:\WINDOWS\WinSxS\amd64_microsoft.windows.common-controls_6595b64144ccf1df_6.0.17134.1345_none_d3ffd07b7c9058ed\COMCTL32.dll
0x00007ffb96100000 - 0x00007ffb96128000 	C:\WINDOWS\System32\GDI32.dll
0x00007ffb94cc0000 - 0x00007ffb94d5e000 	C:\WINDOWS\System32\msvcrt.dll
0x00007ffb93fb0000 - 0x00007ffb94141000 	C:\WINDOWS\System32\gdi32full.dll
0x00007ffb95650000 - 0x00007ffb95971000 	C:\WINDOWS\System32\combase.dll
0x00007ffb93f10000 - 0x00007ffb93faf000 	C:\WINDOWS\System32\msvcp_win.dll
0x00007ffb95520000 - 0x00007ffb95644000 	C:\WINDOWS\System32\RPCRT4.dll
0x00007ffb94a60000 - 0x00007ffb94ad9000 	C:\WINDOWS\System32\bcryptPrimitives.dll
0x00007ffb96130000 - 0x00007ffb9615d000 	C:\WINDOWS\System32\IMM32.DLL
0x00007ffb6e3c0000 - 0x00007ffb6e45d000 	C:\Program Files\JetBrains\IntelliJ IDEA Community Edition 2020.3.1\jbr\bin\msvcp140.dll
0x00007ffb5bb70000 - 0x00007ffb5c63e000 	C:\Program Files\JetBrains\IntelliJ IDEA Community Edition 2020.3.1\jbr\bin\server\jvm.dll
0x00007ffb95020000 - 0x00007ffb950c1000 	C:\WINDOWS\System32\ADVAPI32.dll
0x00007ffb960a0000 - 0x00007ffb960fb000 	C:\WINDOWS\System32\sechost.dll
0x00007ffb94c90000 - 0x00007ffb94c98000 	C:\WINDOWS\System32\PSAPI.DLL
0x00007ffb857c0000 - 0x00007ffb857c9000 	C:\WINDOWS\SYSTEM32\WSOCK32.dll
0x00007ffb90420000 - 0x00007ffb90443000 	C:\WINDOWS\SYSTEM32\WINMM.dll
0x00007ffb88cf0000 - 0x00007ffb88cfa000 	C:\WINDOWS\SYSTEM32\VERSION.dll
0x00007ffb96030000 - 0x00007ffb9609c000 	C:\WINDOWS\System32\WS2_32.dll
0x00007ffb903f0000 - 0x00007ffb9041a000 	C:\WINDOWS\SYSTEM32\WINMMBASE.dll
0x00007ffb94ae0000 - 0x00007ffb94b29000 	C:\WINDOWS\System32\cfgmgr32.dll
0x00007ffb93a40000 - 0x00007ffb93a51000 	C:\WINDOWS\System32\kernel.appcore.dll
0x00007ffb8ff20000 - 0x00007ffb8ff31000 	C:\Program Files\JetBrains\IntelliJ IDEA Community Edition 2020.3.1\jbr\bin\verify.dll
0x00007ffb68af0000 - 0x00007ffb68cb9000 	C:\WINDOWS\SYSTEM32\DBGHELP.DLL
0x00007ffb7b6d0000 - 0x00007ffb7b6f9000 	C:\WINDOWS\SYSTEM32\dbgcore.DLL
0x00007ffb8eac0000 - 0x00007ffb8eae9000 	C:\Program Files\JetBrains\IntelliJ IDEA Community Edition 2020.3.1\jbr\bin\java.dll
0x00007ffb8ff10000 - 0x00007ffb8ff1b000 	C:\Program Files\JetBrains\IntelliJ IDEA Community Edition 2020.3.1\jbr\bin\jimage.dll
0x00007ffb8eaa0000 - 0x00007ffb8eab8000 	C:\Program Files\JetBrains\IntelliJ IDEA Community Edition 2020.3.1\jbr\bin\zip.dll

dbghelp: loaded successfully - version: 4.0.5 - missing functions: none
symbol engine: initialized successfully - sym options: 0x614 - pdb path: .;C:\Program Files\JetBrains\IntelliJ IDEA Community Edition 2020.3.1\jbr\bin;C:\WINDOWS\SYSTEM32;C:\WINDOWS\WinSxS\amd64_microsoft.windows.common-controls_6595b64144ccf1df_6.0.17134.1345_none_d3ffd07b7c9058ed;C:\Program Files\JetBrains\IntelliJ IDEA Community Edition 2020.3.1\jbr\bin\server

VM Arguments:
java_command: org.jetbrains.git4idea.http.GitAskPassApp Username for 'https://github.com': 
java_class_path (initial): C:/Program Files/JetBrains/IntelliJ IDEA Community Edition 2020.3.1/plugins/git4idea/lib/git4idea-rt.jar;C:/Program Files/JetBrains/IntelliJ IDEA Community Edition 2020.3.1/lib/xmlrpc-2.0.1.jar;C:/Program Files/JetBrains/IntelliJ IDEA Community Edition 2020.3.1/lib/commons-codec-1.14.jar
Launcher Type: SUN_STANDARD

[Global flags]
     intx CICompilerCount                          = 3                                         {product} {ergonomic}
     uint ConcGCThreads                            = 1                                         {product} {ergonomic}
     uint G1ConcRefinementThreads                  = 4                                         {product} {ergonomic}
   size_t G1HeapRegionSize                         = 1048576                                   {product} {ergonomic}
    uintx GCDrainStackTargetSize                   = 64                                        {product} {ergonomic}
   size_t InitialHeapSize                          = 134217728                                 {product} {ergonomic}
   size_t MarkStackSize                            = 4194304                                   {product} {ergonomic}
   size_t MaxHeapSize                              = 2116026368                                {product} {ergonomic}
   size_t MinHeapDeltaBytes                        = 1048576                                   {product} {ergonomic}
    uintx NonNMethodCodeHeapSize                   = 5830732                                {pd product} {ergonomic}
    uintx NonProfiledCodeHeapSize                  = 122913754                              {pd product} {ergonomic}
    uintx ProfiledCodeHeapSize                     = 122913754                              {pd product} {ergonomic}
    uintx ReservedCodeCacheSize                    = 251658240                              {pd product} {ergonomic}
     bool SegmentedCodeCache                       = true                                      {product} {ergonomic}
     bool UseCompressedClassPointers               = true                                 {lp64_product} {ergonomic}
     bool UseCompressedOops                        = true                                 {lp64_product} {ergonomic}
     bool UseG1GC                                  = true                                      {product} {ergonomic}
     bool UseLargePagesIndividualAllocation        = false                                  {pd product} {ergonomic}

Logging:
Log output configuration:
 #0: stdout all=warning uptime,level,tags
 #1: stderr all=off uptime,level,tags

Environment Variables:
JAVA_HOME=C:\Program Files\Java\jdk1.8.0_251
PATH=C:\Program Files\Git\mingw64\libexec\git-core;C:\Program Files\Git\mingw64\libexec\git-core;C:\Program Files\Git\mingw64\bin;C:\Program Files\Git\usr\bin;C:\Users\Yura\bin;C:\Program Files\Common Files\Oracle\Java\javapath;C:\Program Files (x86)\Common Files\Oracle\Java\javapath;C:\WINDOWS\system32;C:\WINDOWS;C:\WINDOWS\System32\Wbem;C:\WINDOWS\System32\WindowsPowerShell\v1.0;C:\Program Files (x86)\QuickTime\QTSystem;C:\WINDOWS\System32\OpenSSH;C:\Program Files\Aladdin\eToken\PKIClient\x32;C:\Program Files\Aladdin\eToken\PKIClient\x64;C:\Program Files\Git\cmd;C:\Users\Yura\AppData\Local\Microsoft\WindowsApp;C:\Program Files\Java\jdk1.8.0_251\bin";C:\Users\Yura\AppData\Local\Polycom\RealPresence Desktop;C:\Program Files\Java\jdk1.8.0_251\bin"
USERNAME=Yura
DISPLAY=:0.0
LC_ALL=en_US.UTF-8
OS=Windows_NT
PROCESSOR_IDENTIFIER=Intel64 Family 6 Model 58 Stepping 9, GenuineIntel



---------------  S Y S T E M  ---------------

OS: Windows 10 , 64 bit Build 17134 (10.0.17134.753)
OS uptime: 0 days 23:11 hours

CPU:total 4 (initial active 4) (2 cores per cpu, 2 threads per core) family 6 model 58 stepping 9, cmov, cx8, fxsr, mmx, sse, sse2, sse3, ssse3, sse4.1, sse4.2, popcnt, avx, aes, clmul, erms, ht, tsc, tscinvbit, tscinv

Memory: 4k page, system-wide physical 8071M (840M free)
TotalPageFile size 8071M (AvailPageFile size 25M)
current process WorkingSet (physical memory assigned to process): 9M, peak: 9M
current process commit charge ("private bytes"): 51M, peak: 179M

vm_info: OpenJDK 64-Bit Server VM (11.0.9.1+11-b1145.63) for windows-amd64 JRE (11.0.9.1+11-b1145.63), built on Dec 21 2020 13:58:54 by "" with MS VC++ 14.0 (VS2015)

END.
