#
# There is insufficient memory for the Java Runtime Environment to continue.
# Native memory allocation (malloc) failed to allocate 1388032 bytes for Chunk::new
# Possible reasons:
#   The system is out of physical RAM or swap space
#   The process is running with CompressedOops enabled, and the Java Heap may be blocking the growth of the native heap
# Possible solutions:
#   Reduce memory load on the system
#   Increase physical memory or swap space
#   Check if swap backing store is full
#   Decrease Java heap size (-Xmx/-Xms)
#   Decrease number of Java threads
#   Decrease Java thread stack sizes (-Xss)
#   Set larger code cache with -XX:ReservedCodeCacheSize=
#   JVM is running with Unscaled Compressed Oops mode in which the Java heap is
#     placed in the first 4GB address space. The Java Heap base address is the
#     maximum limit for the native heap growth. Please use -XX:HeapBaseMinAddress
#     to set the Java Heap base and to place the Java Heap above 4GB virtual address.
# This output file may be truncated or incomplete.
#
#  Out of Memory Error (./open/src/hotspot/share/memory/arena.cpp:195), pid=17140, tid=10104
#
# JRE version: Java(TM) SE Runtime Environment (15.0.1+9) (build 15.0.1+9-18)
# Java VM: Java HotSpot(TM) 64-Bit Server VM (15.0.1+9-18, mixed mode, sharing, tiered, compressed oops, g1 gc, windows-amd64)
# No core dump will be written. Minidumps are not enabled by default on client versions of Windows
#

---------------  S U M M A R Y ------------

Command Line: -agentlib:jdwp=transport=dt_socket,address=127.0.0.1:52458,suspend=y,server=n -javaagent:C:\Users\Yura\AppData\Local\JetBrains\IdeaIC2020.3\captureAgent\debugger-agent.jar -Dfile.encoding=UTF-8 becomeChampionBot

Host: Intel(R) Core(TM) i5-3317U CPU @ 1.70GHz, 4 cores, 7G,  Windows 10 , 64 bit Build 17134 (10.0.17134.753)
Time: Thu Feb  4 00:44:55 2021 RTZ 2 (ceia) elapsed time: 1353.192522 seconds (0d 0h 22m 33s)

---------------  T H R E A D  ---------------

Current thread (0x0000018a7fc47880):  JavaThread "C2 CompilerThread0" daemon [_thread_in_native, id=10104, stack(0x0000008049400000,0x0000008049500000)]


Current CompileTask:
C2:1353193 3617       4       com.fasterxml.jackson.databind.type.TypeFactory::_fromAny (171 bytes)

Stack: [0x0000008049400000,0x0000008049500000]
Native frames: (J=compiled Java code, j=interpreted, Vv=VM code, C=native code)
V  [jvm.dll+0x62ae9a]
V  [jvm.dll+0x781389]
V  [jvm.dll+0x782ae3]
V  [jvm.dll+0x783143]
V  [jvm.dll+0x216265]
V  [jvm.dll+0x97efa]
V  [jvm.dll+0x985dc]
V  [jvm.dll+0x32e525]
V  [jvm.dll+0x2f78aa]
V  [jvm.dll+0x2f6c6a]
V  [jvm.dll+0x1ea645]
V  [jvm.dll+0x1e98ae]
V  [jvm.dll+0x1784c7]
V  [jvm.dll+0x1f9165]
V  [jvm.dll+0x1f720c]
V  [jvm.dll+0x74485d]
V  [jvm.dll+0x73d65a]
V  [jvm.dll+0x629c56]
C  [ucrtbase.dll+0x1e3fe]
C  [KERNEL32.DLL+0x14034]
C  [ntdll.dll+0x73691]


---------------  P R O C E S S  ---------------

Threads class SMR info:
_java_thread_list=0x0000018a126544c0, length=16, elements={
0x0000018a7fc26760, 0x0000018a7fc27240, 0x0000018a7fc43750, 0x0000018a7fc46120,
0x0000018a7fc46ae0, 0x0000018a7fc47880, 0x0000018a1182ec60, 0x0000018a11831d40,
0x0000018a7fc08ac0, 0x0000018a11947be0, 0x0000018a1195f5b0, 0x0000018a11963eb0,
0x0000018a11bfda50, 0x0000018a12810550, 0x0000018a12810f50, 0x0000018a72a1b650
}

Java Threads: ( => current thread )
  0x0000018a7fc26760 JavaThread "Reference Handler" daemon [_thread_blocked, id=9448, stack(0x0000008048f00000,0x0000008049000000)]
  0x0000018a7fc27240 JavaThread "Finalizer" daemon [_thread_blocked, id=16472, stack(0x0000008049000000,0x0000008049100000)]
  0x0000018a7fc43750 JavaThread "Signal Dispatcher" daemon [_thread_blocked, id=15220, stack(0x0000008049100000,0x0000008049200000)]
  0x0000018a7fc46120 JavaThread "Attach Listener" daemon [_thread_blocked, id=5180, stack(0x0000008049200000,0x0000008049300000)]
  0x0000018a7fc46ae0 JavaThread "Service Thread" daemon [_thread_blocked, id=17948, stack(0x0000008049300000,0x0000008049400000)]
=>0x0000018a7fc47880 JavaThread "C2 CompilerThread0" daemon [_thread_in_native, id=10104, stack(0x0000008049400000,0x0000008049500000)]
  0x0000018a1182ec60 JavaThread "C1 CompilerThread0" daemon [_thread_blocked, id=11836, stack(0x0000008049500000,0x0000008049600000)]
  0x0000018a11831d40 JavaThread "Sweeper thread" daemon [_thread_blocked, id=6448, stack(0x0000008049600000,0x0000008049700000)]
  0x0000018a7fc08ac0 JavaThread "Common-Cleaner" daemon [_thread_blocked, id=7780, stack(0x0000008049700000,0x0000008049800000)]
  0x0000018a11947be0 JavaThread "JDWP Transport Listener: dt_socket" daemon [_thread_blocked, id=11604, stack(0x0000008049800000,0x0000008049900000)]
  0x0000018a1195f5b0 JavaThread "JDWP Event Helper Thread" daemon [_thread_blocked, id=460, stack(0x0000008049900000,0x0000008049a00000)]
  0x0000018a11963eb0 JavaThread "JDWP Command Reader" daemon [_thread_in_native, id=18384, stack(0x0000008049a00000,0x0000008049b00000)]
  0x0000018a11bfda50 JavaThread "Notification Thread" daemon [_thread_blocked, id=824, stack(0x0000008049b00000,0x0000008049c00000)]
  0x0000018a12810550 JavaThread "becomeChampionBot Telegram Connection" [_thread_blocked, id=7876, stack(0x000000804a100000,0x000000804a200000)]
  0x0000018a12810f50 JavaThread "becomeChampionBot Telegram Executor" [_thread_blocked, id=10060, stack(0x000000804a200000,0x000000804a300000)]
  0x0000018a72a1b650 JavaThread "DestroyJavaVM" [_thread_blocked, id=13392, stack(0x0000008048800000,0x0000008048900000)]

Other Threads:
  0x0000018a7fc22400 VMThread "VM Thread" [stack: 0x0000008048e00000,0x0000008048f00000] [id=9196]
  0x0000018a72a1c590 WatcherThread [stack: 0x0000008049c00000,0x0000008049d00000] [id=17268]
  0x0000018a72a5b500 GCTaskThread "GC Thread#0" [stack: 0x0000008048900000,0x0000008048a00000] [id=13852]
  0x0000018a11cfda50 GCTaskThread "GC Thread#1" [stack: 0x0000008049d00000,0x0000008049e00000] [id=17968]
  0x0000018a11cfe3e0 GCTaskThread "GC Thread#2" [stack: 0x0000008049e00000,0x0000008049f00000] [id=16508]
  0x0000018a11cfc400 GCTaskThread "GC Thread#3" [stack: 0x0000008048500000,0x0000008048600000] [id=6024]
  0x0000018a72a6d330 ConcurrentGCThread "G1 Main Marker" [stack: 0x0000008048a00000,0x0000008048b00000] [id=12548]
  0x0000018a72a6deb0 ConcurrentGCThread "G1 Conc#0" [stack: 0x0000008048b00000,0x0000008048c00000] [id=17304]
  0x0000018a7faa0090 ConcurrentGCThread "G1 Refine#0" [stack: 0x0000008048c00000,0x0000008048d00000] [id=3116]
  0x0000018a7faa0c20 ConcurrentGCThread "G1 Young RemSet Sampling" [stack: 0x0000008048d00000,0x0000008048e00000] [id=3680]

Threads with active compile tasks:
C2 CompilerThread0  1353258 3617       4       com.fasterxml.jackson.databind.type.TypeFactory::_fromAny (171 bytes)

VM state: not at safepoint (normal execution)

VM Mutex/Monitor currently owned by a thread: None

Heap address: 0x0000000081e00000, size: 2018 MB, Compressed Oops mode: 32-bit
CDS archive(s) mapped at: [0x0000000800000000-0x0000000800b50000-0x0000000800b50000), size 11862016, SharedBaseAddress: 0x0000000800000000, ArchiveRelocationMode: 0.
Compressed class space mapped at: 0x0000000800b50000-0x0000000840b50000, size: 1073741824
Narrow klass base: 0x0000000800000000, Narrow klass shift: 3, Narrow klass range: 0x100000000

GC Precious Log:
 CPUs: 4 total, 4 available
 Memory: 8071M
 Large Page Support: Disabled
 NUMA Support: Disabled
 Compressed Oops: Enabled (32-bit)
 Heap Region Size: 1M
 Heap Min Capacity: 8M
 Heap Initial Capacity: 128M
 Heap Max Capacity: 2018M
 Pre-touch: Disabled
 Parallel Workers: 4
 Concurrent Workers: 1
 Concurrent Refinement Workers: 4
 Periodic GC: Disabled

Heap:
 garbage-first heap   total 131072K, used 63108K [0x0000000081e00000, 0x0000000100000000)
  region size 1024K, 60 young (61440K), 7 survivors (7168K)
 Metaspace       used 17259K, capacity 17519K, committed 17792K, reserved 1064960K
  class space    used 1726K, capacity 1844K, committed 1920K, reserved 1048576K

Heap Regions: E=young(eden), S=young(survivor), O=old, HS=humongous(starts), HC=humongous(continues), CS=collection set, F=free, OA=open archive, CA=closed archive, TAMS=top-at-mark-start (previous, next)
|   0|0x0000000081e00000, 0x0000000081f00000, 0x0000000081f00000|100%| O|  |TAMS 0x0000000081e00000, 0x0000000081e00000| Untracked 
|   1|0x0000000081f00000, 0x0000000082000000, 0x0000000082000000|100%| O|  |TAMS 0x0000000081f00000, 0x0000000081f00000| Untracked 
|   2|0x0000000082000000, 0x00000000820ddc00, 0x0000000082100000| 86%| O|  |TAMS 0x0000000082000000, 0x0000000082000000| Untracked 
|   3|0x0000000082100000, 0x0000000082100000, 0x0000000082200000|  0%| F|  |TAMS 0x0000000082100000, 0x0000000082100000| Untracked 
|   4|0x0000000082200000, 0x0000000082200000, 0x0000000082300000|  0%| F|  |TAMS 0x0000000082200000, 0x0000000082200000| Untracked 
|   5|0x0000000082300000, 0x0000000082300000, 0x0000000082400000|  0%| F|  |TAMS 0x0000000082300000, 0x0000000082300000| Untracked 
|   6|0x0000000082400000, 0x0000000082400000, 0x0000000082500000|  0%| F|  |TAMS 0x0000000082400000, 0x0000000082400000| Untracked 
|   7|0x0000000082500000, 0x0000000082500000, 0x0000000082600000|  0%| F|  |TAMS 0x0000000082500000, 0x0000000082500000| Untracked 
|   8|0x0000000082600000, 0x0000000082600000, 0x0000000082700000|  0%| F|  |TAMS 0x0000000082600000, 0x0000000082600000| Untracked 
|   9|0x0000000082700000, 0x0000000082700000, 0x0000000082800000|  0%| F|  |TAMS 0x0000000082700000, 0x0000000082700000| Untracked 
|  10|0x0000000082800000, 0x0000000082800000, 0x0000000082900000|  0%| F|  |TAMS 0x0000000082800000, 0x0000000082800000| Untracked 
|  11|0x0000000082900000, 0x0000000082900000, 0x0000000082a00000|  0%| F|  |TAMS 0x0000000082900000, 0x0000000082900000| Untracked 
|  12|0x0000000082a00000, 0x0000000082a00000, 0x0000000082b00000|  0%| F|  |TAMS 0x0000000082a00000, 0x0000000082a00000| Untracked 
|  13|0x0000000082b00000, 0x0000000082b00000, 0x0000000082c00000|  0%| F|  |TAMS 0x0000000082b00000, 0x0000000082b00000| Untracked 
|  14|0x0000000082c00000, 0x0000000082c00000, 0x0000000082d00000|  0%| F|  |TAMS 0x0000000082c00000, 0x0000000082c00000| Untracked 
|  15|0x0000000082d00000, 0x0000000082d00000, 0x0000000082e00000|  0%| F|  |TAMS 0x0000000082d00000, 0x0000000082d00000| Untracked 
|  16|0x0000000082e00000, 0x0000000082e00000, 0x0000000082f00000|  0%| F|  |TAMS 0x0000000082e00000, 0x0000000082e00000| Untracked 
|  17|0x0000000082f00000, 0x0000000082f00000, 0x0000000083000000|  0%| F|  |TAMS 0x0000000082f00000, 0x0000000082f00000| Untracked 
|  18|0x0000000083000000, 0x0000000083000000, 0x0000000083100000|  0%| F|  |TAMS 0x0000000083000000, 0x0000000083000000| Untracked 
|  19|0x0000000083100000, 0x0000000083100000, 0x0000000083200000|  0%| F|  |TAMS 0x0000000083100000, 0x0000000083100000| Untracked 
|  20|0x0000000083200000, 0x0000000083200000, 0x0000000083300000|  0%| F|  |TAMS 0x0000000083200000, 0x0000000083200000| Untracked 
|  21|0x0000000083300000, 0x0000000083300000, 0x0000000083400000|  0%| F|  |TAMS 0x0000000083300000, 0x0000000083300000| Untracked 
|  22|0x0000000083400000, 0x0000000083400000, 0x0000000083500000|  0%| F|  |TAMS 0x0000000083400000, 0x0000000083400000| Untracked 
|  23|0x0000000083500000, 0x0000000083500000, 0x0000000083600000|  0%| F|  |TAMS 0x0000000083500000, 0x0000000083500000| Untracked 
|  24|0x0000000083600000, 0x0000000083600000, 0x0000000083700000|  0%| F|  |TAMS 0x0000000083600000, 0x0000000083600000| Untracked 
|  25|0x0000000083700000, 0x0000000083700000, 0x0000000083800000|  0%| F|  |TAMS 0x0000000083700000, 0x0000000083700000| Untracked 
|  26|0x0000000083800000, 0x0000000083800000, 0x0000000083900000|  0%| F|  |TAMS 0x0000000083800000, 0x0000000083800000| Untracked 
|  27|0x0000000083900000, 0x0000000083900000, 0x0000000083a00000|  0%| F|  |TAMS 0x0000000083900000, 0x0000000083900000| Untracked 
|  28|0x0000000083a00000, 0x0000000083a00000, 0x0000000083b00000|  0%| F|  |TAMS 0x0000000083a00000, 0x0000000083a00000| Untracked 
|  29|0x0000000083b00000, 0x0000000083b00000, 0x0000000083c00000|  0%| F|  |TAMS 0x0000000083b00000, 0x0000000083b00000| Untracked 
|  30|0x0000000083c00000, 0x0000000083c00000, 0x0000000083d00000|  0%| F|  |TAMS 0x0000000083c00000, 0x0000000083c00000| Untracked 
|  31|0x0000000083d00000, 0x0000000083d00000, 0x0000000083e00000|  0%| F|  |TAMS 0x0000000083d00000, 0x0000000083d00000| Untracked 
|  32|0x0000000083e00000, 0x0000000083e00000, 0x0000000083f00000|  0%| F|  |TAMS 0x0000000083e00000, 0x0000000083e00000| Untracked 
|  33|0x0000000083f00000, 0x0000000083f00000, 0x0000000084000000|  0%| F|  |TAMS 0x0000000083f00000, 0x0000000083f00000| Untracked 
|  34|0x0000000084000000, 0x0000000084000000, 0x0000000084100000|  0%| F|  |TAMS 0x0000000084000000, 0x0000000084000000| Untracked 
|  35|0x0000000084100000, 0x0000000084100000, 0x0000000084200000|  0%| F|  |TAMS 0x0000000084100000, 0x0000000084100000| Untracked 
|  36|0x0000000084200000, 0x0000000084200000, 0x0000000084300000|  0%| F|  |TAMS 0x0000000084200000, 0x0000000084200000| Untracked 
|  37|0x0000000084300000, 0x0000000084300000, 0x0000000084400000|  0%| F|  |TAMS 0x0000000084300000, 0x0000000084300000| Untracked 
|  38|0x0000000084400000, 0x0000000084400000, 0x0000000084500000|  0%| F|  |TAMS 0x0000000084400000, 0x0000000084400000| Untracked 
|  39|0x0000000084500000, 0x0000000084500000, 0x0000000084600000|  0%| F|  |TAMS 0x0000000084500000, 0x0000000084500000| Untracked 
|  40|0x0000000084600000, 0x0000000084600000, 0x0000000084700000|  0%| F|  |TAMS 0x0000000084600000, 0x0000000084600000| Untracked 
|  41|0x0000000084700000, 0x0000000084700000, 0x0000000084800000|  0%| F|  |TAMS 0x0000000084700000, 0x0000000084700000| Untracked 
|  42|0x0000000084800000, 0x0000000084800000, 0x0000000084900000|  0%| F|  |TAMS 0x0000000084800000, 0x0000000084800000| Untracked 
|  43|0x0000000084900000, 0x0000000084900000, 0x0000000084a00000|  0%| F|  |TAMS 0x0000000084900000, 0x0000000084900000| Untracked 
|  44|0x0000000084a00000, 0x0000000084a00000, 0x0000000084b00000|  0%| F|  |TAMS 0x0000000084a00000, 0x0000000084a00000| Untracked 
|  45|0x0000000084b00000, 0x0000000084b00000, 0x0000000084c00000|  0%| F|  |TAMS 0x0000000084b00000, 0x0000000084b00000| Untracked 
|  46|0x0000000084c00000, 0x0000000084c00000, 0x0000000084d00000|  0%| F|  |TAMS 0x0000000084c00000, 0x0000000084c00000| Untracked 
|  47|0x0000000084d00000, 0x0000000084d00000, 0x0000000084e00000|  0%| F|  |TAMS 0x0000000084d00000, 0x0000000084d00000| Untracked 
|  48|0x0000000084e00000, 0x0000000084e00000, 0x0000000084f00000|  0%| F|  |TAMS 0x0000000084e00000, 0x0000000084e00000| Untracked 
|  49|0x0000000084f00000, 0x0000000084f00000, 0x0000000085000000|  0%| F|  |TAMS 0x0000000084f00000, 0x0000000084f00000| Untracked 
|  50|0x0000000085000000, 0x0000000085000000, 0x0000000085100000|  0%| F|  |TAMS 0x0000000085000000, 0x0000000085000000| Untracked 
|  51|0x0000000085100000, 0x0000000085100000, 0x0000000085200000|  0%| F|  |TAMS 0x0000000085100000, 0x0000000085100000| Untracked 
|  52|0x0000000085200000, 0x0000000085200000, 0x0000000085300000|  0%| F|  |TAMS 0x0000000085200000, 0x0000000085200000| Untracked 
|  53|0x0000000085300000, 0x0000000085300000, 0x0000000085400000|  0%| F|  |TAMS 0x0000000085300000, 0x0000000085300000| Untracked 
|  54|0x0000000085400000, 0x0000000085400000, 0x0000000085500000|  0%| F|  |TAMS 0x0000000085400000, 0x0000000085400000| Untracked 
|  55|0x0000000085500000, 0x0000000085500000, 0x0000000085600000|  0%| F|  |TAMS 0x0000000085500000, 0x0000000085500000| Untracked 
|  56|0x0000000085600000, 0x0000000085600000, 0x0000000085700000|  0%| F|  |TAMS 0x0000000085600000, 0x0000000085600000| Untracked 
|  57|0x0000000085700000, 0x0000000085700000, 0x0000000085800000|  0%| F|  |TAMS 0x0000000085700000, 0x0000000085700000| Untracked 
|  58|0x0000000085800000, 0x0000000085800000, 0x0000000085900000|  0%| F|  |TAMS 0x0000000085800000, 0x0000000085800000| Untracked 
|  59|0x0000000085900000, 0x0000000085900000, 0x0000000085a00000|  0%| F|  |TAMS 0x0000000085900000, 0x0000000085900000| Untracked 
|  60|0x0000000085a00000, 0x0000000085a00000, 0x0000000085b00000|  0%| F|  |TAMS 0x0000000085a00000, 0x0000000085a00000| Untracked 
|  61|0x0000000085b00000, 0x0000000085b00000, 0x0000000085c00000|  0%| F|  |TAMS 0x0000000085b00000, 0x0000000085b00000| Untracked 
|  62|0x0000000085c00000, 0x0000000085c00000, 0x0000000085d00000|  0%| F|  |TAMS 0x0000000085c00000, 0x0000000085c00000| Untracked 
|  63|0x0000000085d00000, 0x0000000085d00000, 0x0000000085e00000|  0%| F|  |TAMS 0x0000000085d00000, 0x0000000085d00000| Untracked 
|  64|0x0000000085e00000, 0x0000000085e00000, 0x0000000085f00000|  0%| F|  |TAMS 0x0000000085e00000, 0x0000000085e00000| Untracked 
|  65|0x0000000085f00000, 0x0000000085fc34d0, 0x0000000086000000| 76%| S|CS|TAMS 0x0000000085f00000, 0x0000000085f00000| Complete 
|  66|0x0000000086000000, 0x0000000086100000, 0x0000000086100000|100%| S|CS|TAMS 0x0000000086000000, 0x0000000086000000| Complete 
|  67|0x0000000086100000, 0x0000000086200000, 0x0000000086200000|100%| S|CS|TAMS 0x0000000086100000, 0x0000000086100000| Complete 
|  68|0x0000000086200000, 0x0000000086300000, 0x0000000086300000|100%| S|CS|TAMS 0x0000000086200000, 0x0000000086200000| Complete 
|  69|0x0000000086300000, 0x0000000086400000, 0x0000000086400000|100%| S|CS|TAMS 0x0000000086300000, 0x0000000086300000| Complete 
|  70|0x0000000086400000, 0x0000000086500000, 0x0000000086500000|100%| S|CS|TAMS 0x0000000086400000, 0x0000000086400000| Complete 
|  71|0x0000000086500000, 0x0000000086600000, 0x0000000086600000|100%| S|CS|TAMS 0x0000000086500000, 0x0000000086500000| Complete 
|  72|0x0000000086600000, 0x0000000086600000, 0x0000000086700000|  0%| F|  |TAMS 0x0000000086600000, 0x0000000086600000| Untracked 
|  73|0x0000000086700000, 0x0000000086700000, 0x0000000086800000|  0%| F|  |TAMS 0x0000000086700000, 0x0000000086700000| Untracked 
|  74|0x0000000086800000, 0x0000000086800000, 0x0000000086900000|  0%| F|  |TAMS 0x0000000086800000, 0x0000000086800000| Untracked 
|  75|0x0000000086900000, 0x0000000086980800, 0x0000000086a00000| 50%| E|  |TAMS 0x0000000086900000, 0x0000000086900000| Complete 
|  76|0x0000000086a00000, 0x0000000086b00000, 0x0000000086b00000|100%| E|CS|TAMS 0x0000000086a00000, 0x0000000086a00000| Complete 
|  77|0x0000000086b00000, 0x0000000086c00000, 0x0000000086c00000|100%| E|CS|TAMS 0x0000000086b00000, 0x0000000086b00000| Complete 
|  78|0x0000000086c00000, 0x0000000086d00000, 0x0000000086d00000|100%| E|CS|TAMS 0x0000000086c00000, 0x0000000086c00000| Complete 
|  79|0x0000000086d00000, 0x0000000086e00000, 0x0000000086e00000|100%| E|CS|TAMS 0x0000000086d00000, 0x0000000086d00000| Complete 
|  80|0x0000000086e00000, 0x0000000086f00000, 0x0000000086f00000|100%| E|CS|TAMS 0x0000000086e00000, 0x0000000086e00000| Complete 
|  81|0x0000000086f00000, 0x0000000087000000, 0x0000000087000000|100%| E|CS|TAMS 0x0000000086f00000, 0x0000000086f00000| Complete 
|  82|0x0000000087000000, 0x0000000087100000, 0x0000000087100000|100%| E|CS|TAMS 0x0000000087000000, 0x0000000087000000| Complete 
|  83|0x0000000087100000, 0x0000000087200000, 0x0000000087200000|100%| E|CS|TAMS 0x0000000087100000, 0x0000000087100000| Complete 
|  84|0x0000000087200000, 0x0000000087300000, 0x0000000087300000|100%| E|CS|TAMS 0x0000000087200000, 0x0000000087200000| Complete 
|  85|0x0000000087300000, 0x0000000087400000, 0x0000000087400000|100%| E|CS|TAMS 0x0000000087300000, 0x0000000087300000| Complete 
|  86|0x0000000087400000, 0x0000000087500000, 0x0000000087500000|100%| E|CS|TAMS 0x0000000087400000, 0x0000000087400000| Complete 
|  87|0x0000000087500000, 0x0000000087600000, 0x0000000087600000|100%| E|CS|TAMS 0x0000000087500000, 0x0000000087500000| Complete 
|  88|0x0000000087600000, 0x0000000087700000, 0x0000000087700000|100%| E|CS|TAMS 0x0000000087600000, 0x0000000087600000| Complete 
|  89|0x0000000087700000, 0x0000000087800000, 0x0000000087800000|100%| E|CS|TAMS 0x0000000087700000, 0x0000000087700000| Complete 
|  90|0x0000000087800000, 0x0000000087900000, 0x0000000087900000|100%| E|CS|TAMS 0x0000000087800000, 0x0000000087800000| Complete 
|  91|0x0000000087900000, 0x0000000087a00000, 0x0000000087a00000|100%| E|CS|TAMS 0x0000000087900000, 0x0000000087900000| Complete 
|  92|0x0000000087a00000, 0x0000000087b00000, 0x0000000087b00000|100%| E|CS|TAMS 0x0000000087a00000, 0x0000000087a00000| Complete 
|  93|0x0000000087b00000, 0x0000000087c00000, 0x0000000087c00000|100%| E|CS|TAMS 0x0000000087b00000, 0x0000000087b00000| Complete 
|  94|0x0000000087c00000, 0x0000000087d00000, 0x0000000087d00000|100%| E|CS|TAMS 0x0000000087c00000, 0x0000000087c00000| Complete 
|  95|0x0000000087d00000, 0x0000000087e00000, 0x0000000087e00000|100%| E|CS|TAMS 0x0000000087d00000, 0x0000000087d00000| Complete 
|  96|0x0000000087e00000, 0x0000000087f00000, 0x0000000087f00000|100%| E|CS|TAMS 0x0000000087e00000, 0x0000000087e00000| Complete 
|  97|0x0000000087f00000, 0x0000000088000000, 0x0000000088000000|100%| E|CS|TAMS 0x0000000087f00000, 0x0000000087f00000| Complete 
|  98|0x0000000088000000, 0x0000000088100000, 0x0000000088100000|100%| E|CS|TAMS 0x0000000088000000, 0x0000000088000000| Complete 
|  99|0x0000000088100000, 0x0000000088200000, 0x0000000088200000|100%| E|CS|TAMS 0x0000000088100000, 0x0000000088100000| Complete 
| 100|0x0000000088200000, 0x0000000088300000, 0x0000000088300000|100%| E|CS|TAMS 0x0000000088200000, 0x0000000088200000| Complete 
| 101|0x0000000088300000, 0x0000000088400000, 0x0000000088400000|100%| E|CS|TAMS 0x0000000088300000, 0x0000000088300000| Complete 
| 102|0x0000000088400000, 0x0000000088500000, 0x0000000088500000|100%| E|CS|TAMS 0x0000000088400000, 0x0000000088400000| Complete 
| 103|0x0000000088500000, 0x0000000088600000, 0x0000000088600000|100%| E|CS|TAMS 0x0000000088500000, 0x0000000088500000| Complete 
| 104|0x0000000088600000, 0x0000000088700000, 0x0000000088700000|100%| E|CS|TAMS 0x0000000088600000, 0x0000000088600000| Complete 
| 105|0x0000000088700000, 0x0000000088800000, 0x0000000088800000|100%| E|CS|TAMS 0x0000000088700000, 0x0000000088700000| Complete 
| 106|0x0000000088800000, 0x0000000088900000, 0x0000000088900000|100%| E|CS|TAMS 0x0000000088800000, 0x0000000088800000| Complete 
| 107|0x0000000088900000, 0x0000000088a00000, 0x0000000088a00000|100%| E|CS|TAMS 0x0000000088900000, 0x0000000088900000| Complete 
| 108|0x0000000088a00000, 0x0000000088b00000, 0x0000000088b00000|100%| E|CS|TAMS 0x0000000088a00000, 0x0000000088a00000| Complete 
| 109|0x0000000088b00000, 0x0000000088c00000, 0x0000000088c00000|100%| E|CS|TAMS 0x0000000088b00000, 0x0000000088b00000| Complete 
| 110|0x0000000088c00000, 0x0000000088d00000, 0x0000000088d00000|100%| E|CS|TAMS 0x0000000088c00000, 0x0000000088c00000| Complete 
| 111|0x0000000088d00000, 0x0000000088e00000, 0x0000000088e00000|100%| E|CS|TAMS 0x0000000088d00000, 0x0000000088d00000| Complete 
| 112|0x0000000088e00000, 0x0000000088f00000, 0x0000000088f00000|100%| E|CS|TAMS 0x0000000088e00000, 0x0000000088e00000| Complete 
| 113|0x0000000088f00000, 0x0000000089000000, 0x0000000089000000|100%| E|CS|TAMS 0x0000000088f00000, 0x0000000088f00000| Complete 
| 114|0x0000000089000000, 0x0000000089100000, 0x0000000089100000|100%| E|CS|TAMS 0x0000000089000000, 0x0000000089000000| Complete 
| 115|0x0000000089100000, 0x0000000089200000, 0x0000000089200000|100%| E|CS|TAMS 0x0000000089100000, 0x0000000089100000| Complete 
| 116|0x0000000089200000, 0x0000000089300000, 0x0000000089300000|100%| E|CS|TAMS 0x0000000089200000, 0x0000000089200000| Complete 
| 117|0x0000000089300000, 0x0000000089400000, 0x0000000089400000|100%| E|CS|TAMS 0x0000000089300000, 0x0000000089300000| Complete 
| 118|0x0000000089400000, 0x0000000089500000, 0x0000000089500000|100%| E|CS|TAMS 0x0000000089400000, 0x0000000089400000| Complete 
| 119|0x0000000089500000, 0x0000000089600000, 0x0000000089600000|100%| E|CS|TAMS 0x0000000089500000, 0x0000000089500000| Complete 
| 120|0x0000000089600000, 0x0000000089700000, 0x0000000089700000|100%| E|CS|TAMS 0x0000000089600000, 0x0000000089600000| Complete 
| 121|0x0000000089700000, 0x0000000089800000, 0x0000000089800000|100%| E|CS|TAMS 0x0000000089700000, 0x0000000089700000| Complete 
| 122|0x0000000089800000, 0x0000000089900000, 0x0000000089900000|100%| E|CS|TAMS 0x0000000089800000, 0x0000000089800000| Complete 
| 123|0x0000000089900000, 0x0000000089a00000, 0x0000000089a00000|100%| E|CS|TAMS 0x0000000089900000, 0x0000000089900000| Complete 
| 124|0x0000000089a00000, 0x0000000089b00000, 0x0000000089b00000|100%| E|CS|TAMS 0x0000000089a00000, 0x0000000089a00000| Complete 
| 125|0x0000000089b00000, 0x0000000089c00000, 0x0000000089c00000|100%| E|CS|TAMS 0x0000000089b00000, 0x0000000089b00000| Complete 
| 126|0x0000000089c00000, 0x0000000089d00000, 0x0000000089d00000|100%| E|CS|TAMS 0x0000000089c00000, 0x0000000089c00000| Complete 
| 127|0x0000000089d00000, 0x0000000089e00000, 0x0000000089e00000|100%| E|CS|TAMS 0x0000000089d00000, 0x0000000089d00000| Complete 

Card table byte_map: [0x0000018a7b040000,0x0000018a7b440000] _byte_map_base: 0x0000018a7ac31000

Marking Bits (Prev, Next): (CMBitMap*) 0x0000018a72a5cc90, (CMBitMap*) 0x0000018a72a5ccd0
 Prev Bits: [0x0000018a7b840000, 0x0000018a7d7c8000)
 Next Bits: [0x0000018a7d7d0000, 0x0000018a7f758000)

Polling page: 0x0000018a708b0000

Metaspace:

Usage:
  Non-class:     15.31 MB capacity,    15.17 MB (>99%) used,   118.39 KB ( <1%) free+waste,    24.56 KB ( <1%) overhead. 
      Class:      1.80 MB capacity,     1.69 MB ( 94%) used,   107.86 KB (  6%) free+waste,     9.19 KB ( <1%) overhead. 
       Both:     17.11 MB capacity,    16.85 MB ( 99%) used,   226.25 KB (  1%) free+waste,    33.75 KB ( <1%) overhead. 

Virtual space:
  Non-class space:       16.00 MB reserved,      15.50 MB ( 97%) committed 
      Class space:        1.00 GB reserved,       1.88 MB ( <1%) committed 
             Both:        1.02 GB reserved,      17.38 MB (  2%) committed 

Chunk freelists:
   Non-Class:  5.00 KB
       Class:  0 bytes
        Both:  5.00 KB

MaxMetaspaceSize: 17179869184.00 GB
CompressedClassSpaceSize: 1.00 GB

CodeHeap 'non-profiled nmethods': size=120000Kb used=1556Kb max_used=1556Kb free=118443Kb
 bounds [0x0000018a07ad0000, 0x0000018a07d40000, 0x0000018a0f000000]
CodeHeap 'profiled nmethods': size=120000Kb used=7490Kb max_used=7490Kb free=112510Kb
 bounds [0x0000018a005a0000, 0x0000018a00d00000, 0x0000018a07ad0000]
CodeHeap 'non-nmethods': size=5760Kb used=1315Kb max_used=1351Kb free=4444Kb
 bounds [0x0000018a00000000, 0x0000018a00270000, 0x0000018a005a0000]
 total_blobs=4116 nmethods=3613 adapters=415
 compilation: enabled
              stopped_count=0, restarted_count=0
 full_count=0

Compilation events (20 events):
Event: 1295.139 Thread 0x0000018a7fc47880 nmethod 3607 0x0000018a07c51f10 code [0x0000018a07c520a0, 0x0000018a07c522f8]
Event: 1295.626 Thread 0x0000018a7fc47880 3608       4       org.apache.http.util.ByteArrayBuffer::append (129 bytes)
Event: 1295.631 Thread 0x0000018a7fc47880 nmethod 3608 0x0000018a07c52410 code [0x0000018a07c525a0, 0x0000018a07c527b8]
Event: 1307.963 Thread 0x0000018a7fc47880 3609       4       org.apache.http.protocol.BasicHttpContext::setAttribute (38 bytes)
Event: 1307.968 Thread 0x0000018a7fc47880 nmethod 3609 0x0000018a07c52990 code [0x0000018a07c52b40, 0x0000018a07c52d18]
Event: 1320.245 Thread 0x0000018a7fc47880 3610       4       org.apache.http.message.AbstractHttpMessage::containsHeader (9 bytes)
Event: 1320.265 Thread 0x0000018a7fc47880 nmethod 3610 0x0000018a07c52f10 code [0x0000018a07c530e0, 0x0000018a07c53548]
Event: 1320.265 Thread 0x0000018a7fc47880 3611       4       org.apache.http.client.protocol.HttpClientContext::adapt (23 bytes)
Event: 1320.267 Thread 0x0000018a7fc47880 nmethod 3611 0x0000018a07c53910 code [0x0000018a07c53a80, 0x0000018a07c53af8]
Event: 1324.387 Thread 0x0000018a7fc47880 3612       4       com.sun.crypto.provider.GaloisCounterMode::getLengthBlock (192 bytes)
Event: 1324.389 Thread 0x0000018a7fc47880 nmethod 3612 0x0000018a07c53c10 code [0x0000018a07c53da0, 0x0000018a07c53f78]
Event: 1324.389 Thread 0x0000018a7fc47880 3613       4       org.apache.http.message.BasicHttpResponse::getStatusLine (66 bytes)
Event: 1324.389 Thread 0x0000018a7fc47880 nmethod 3613 0x0000018a07c54010 code [0x0000018a07c54180, 0x0000018a07c541f8]
Event: 1324.389 Thread 0x0000018a7fc47880 3614       4       java.util.HashMap::afterNodeRemoval (1 bytes)
Event: 1324.390 Thread 0x0000018a7fc47880 nmethod 3614 0x0000018a07c54310 code [0x0000018a07c54480, 0x0000018a07c544d8]
Event: 1345.370 Thread 0x0000018a7fc47880 3615       4       org.apache.http.impl.io.SessionOutputBufferImpl::write (85 bytes)
Event: 1345.379 Thread 0x0000018a7fc47880 nmethod 3615 0x0000018a07c54610 code [0x0000018a07c547a0, 0x0000018a07c54af8]
Event: 1345.382 Thread 0x0000018a7fc47880 3616       4       org.apache.http.impl.io.HttpTransportMetricsImpl::incrementBytesTransferred (11 bytes)
Event: 1345.382 Thread 0x0000018a7fc47880 nmethod 3616 0x0000018a07c54e10 code [0x0000018a07c54f80, 0x0000018a07c54fd8]
Event: 1353.062 Thread 0x0000018a7fc47880 3617       4       com.fasterxml.jackson.databind.type.TypeFactory::_fromAny (171 bytes)

GC Heap History (6 events):
Event: 1.389 GC heap before
{Heap before GC invocations=0 (full 0):
 garbage-first heap   total 131072K, used 12288K [0x0000000081e00000, 0x0000000100000000)
  region size 1024K, 13 young (13312K), 0 survivors (0K)
 Metaspace       used 2367K, capacity 6031K, committed 6272K, reserved 1056768K
  class space    used 184K, capacity 521K, committed 640K, reserved 1048576K
}
Event: 1.396 GC heap after
{Heap after GC invocations=1 (full 0):
 garbage-first heap   total 131072K, used 2930K [0x0000000081e00000, 0x0000000100000000)
  region size 1024K, 2 young (2048K), 2 survivors (2048K)
 Metaspace       used 2367K, capacity 6031K, committed 6272K, reserved 1056768K
  class space    used 184K, capacity 521K, committed 640K, reserved 1048576K
}
Event: 2.226 GC heap before
{Heap before GC invocations=1 (full 0):
 garbage-first heap   total 131072K, used 17266K [0x0000000081e00000, 0x0000000100000000)
  region size 1024K, 17 young (17408K), 2 survivors (2048K)
 Metaspace       used 6027K, capacity 8751K, committed 8832K, reserved 1056768K
  class space    used 604K, capacity 849K, committed 896K, reserved 1048576K
}
Event: 2.233 GC heap after
{Heap after GC invocations=2 (full 0):
 garbage-first heap   total 131072K, used 4115K [0x0000000081e00000, 0x0000000100000000)
  region size 1024K, 2 young (2048K), 2 survivors (2048K)
 Metaspace       used 6027K, capacity 8751K, committed 8832K, reserved 1056768K
  class space    used 604K, capacity 849K, committed 896K, reserved 1048576K
}
Event: 295.102 GC heap before
{Heap before GC invocations=2 (full 0):
 garbage-first heap   total 131072K, used 59411K [0x0000000081e00000, 0x0000000100000000)
  region size 1024K, 56 young (57344K), 2 survivors (2048K)
 Metaspace       used 16375K, capacity 16664K, committed 16768K, reserved 1064960K
  class space    used 1722K, capacity 1841K, committed 1920K, reserved 1048576K
}
Event: 295.117 GC heap after
{Heap after GC invocations=3 (full 0):
 garbage-first heap   total 131072K, used 9860K [0x0000000081e00000, 0x0000000100000000)
  region size 1024K, 7 young (7168K), 7 survivors (7168K)
 Metaspace       used 16375K, capacity 16664K, committed 16768K, reserved 1064960K
  class space    used 1722K, capacity 1841K, committed 1920K, reserved 1048576K
}

Deoptimization events (20 events):
Event: 1291.515 Thread 0x0000018a12810550 DEOPT PACKING pc=0x0000018a00b8fcac sp=0x000000804a1fd7c0
Event: 1291.515 Thread 0x0000018a12810550 DEOPT UNPACKING pc=0x0000018a0004e23f sp=0x000000804a1fcce0 mode 1
Event: 1291.515 Thread 0x0000018a12810550 DEOPT PACKING pc=0x0000018a00af32b4 sp=0x000000804a1fd8a0
Event: 1291.515 Thread 0x0000018a12810550 DEOPT UNPACKING pc=0x0000018a0004e23f sp=0x000000804a1fcdd0 mode 1
Event: 1291.515 Thread 0x0000018a12810550 Uncommon trap: trap_request=0xffffffbe fr.pc=0x0000018a07c42698 relative=0x0000000000000e98
Event: 1291.515 Thread 0x0000018a12810550 Uncommon trap: reason=profile_predicate action=maybe_recompile pc=0x0000018a07c42698 method=sun.security.provider.DigestBase.implCompressMultiBlock0([BII)I @ 2 c2
Event: 1291.515 Thread 0x0000018a12810550 DEOPT PACKING pc=0x0000018a07c42698 sp=0x000000804a1fd580
Event: 1291.515 Thread 0x0000018a12810550 DEOPT UNPACKING pc=0x0000018a0004e42f sp=0x000000804a1fd4c0 mode 2
Event: 1291.516 Thread 0x0000018a12810550 Uncommon trap: trap_request=0xffffffbe fr.pc=0x0000018a07c42698 relative=0x0000000000000e98
Event: 1291.516 Thread 0x0000018a12810550 Uncommon trap: reason=profile_predicate action=maybe_recompile pc=0x0000018a07c42698 method=sun.security.provider.DigestBase.implCompressMultiBlock0([BII)I @ 2 c2
Event: 1291.516 Thread 0x0000018a12810550 DEOPT PACKING pc=0x0000018a07c42698 sp=0x000000804a1fdbe0
Event: 1291.516 Thread 0x0000018a12810550 DEOPT UNPACKING pc=0x0000018a0004e42f sp=0x000000804a1fdb20 mode 2
Event: 1291.517 Thread 0x0000018a12810550 DEOPT PACKING pc=0x0000018a00c409a2 sp=0x000000804a1fd8f0
Event: 1291.517 Thread 0x0000018a12810550 DEOPT UNPACKING pc=0x0000018a0004e23f sp=0x000000804a1fcd80 mode 0
Event: 1291.518 Thread 0x0000018a12810550 DEOPT PACKING pc=0x0000018a00ac5869 sp=0x000000804a1fddc0
Event: 1291.518 Thread 0x0000018a12810550 DEOPT UNPACKING pc=0x0000018a0004e23f sp=0x000000804a1fd278 mode 1
Event: 1291.519 Thread 0x0000018a12810550 DEOPT PACKING pc=0x0000018a00ac5869 sp=0x000000804a1fdc10
Event: 1291.519 Thread 0x0000018a12810550 DEOPT UNPACKING pc=0x0000018a0004e23f sp=0x000000804a1fd0c8 mode 1
Event: 1291.560 Thread 0x0000018a12810550 DEOPT PACKING pc=0x0000018a00a93366 sp=0x000000804a1fda80
Event: 1291.560 Thread 0x0000018a12810550 DEOPT UNPACKING pc=0x0000018a0004e23f sp=0x000000804a1fcf98 mode 0

Classes unloaded (0 events):
No events

Classes redefined (0 events):
No events

Internal exceptions (20 events):
Event: 1.148 Thread 0x0000018a72a1b650 Exception <a 'java/lang/NoClassDefFoundError'{0x000000008964b4a0}: org/slf4j/impl/StaticLoggerBinder> (0x000000008964b4a0) 
thrown [./open/src/hotspot/share/classfile/systemDictionary.cpp, line 284]
Event: 1.916 Thread 0x0000018a72a1b650 Exception <a 'java/lang/NoSuchMethodError'{0x00000000893bb778}: 'void java.lang.invoke.DirectMethodHandle$Holder.invokeStatic(java.lang.Object, java.lang.Object)'> (0x00000000893bb778) 
thrown [./open/src/hotspot/share/interpreter/linkResolver.cpp, line 782]
Event: 1.918 Thread 0x0000018a72a1b650 Exception <a 'java/lang/NoSuchMethodError'{0x00000000893c3458}: 'void java.lang.invoke.DirectMethodHandle$Holder.invokeStatic(java.lang.Object, java.lang.Object, java.lang.Object, java.lang.Object)'> (0x00000000893c3458) 
thrown [./open/src/hotspot/share/interpreter/linkResolver.cpp, line 782]
Event: 2.038 Thread 0x0000018a72a1b650 Exception <a 'java/lang/NoSuchMethodError'{0x0000000089182ad8}: 'java.lang.Object java.lang.invoke.DirectMethodHandle$Holder.newInvokeSpecial(java.lang.Object, java.lang.Object, java.lang.Object, java.lang.Object, java.lang.Object)'> (0x0000000089182ad8) 
thrown [./open/src/hotspot/share/interpreter/linkResolver.cpp, line 782]
Event: 2.582 Thread 0x0000018a72a1b650 Exception <a 'java/lang/NoClassDefFoundError'{0x0000000089ae2638}: org/apache/log4j/Priority> (0x0000000089ae2638) 
thrown [./open/src/hotspot/share/classfile/systemDictionary.cpp, line 284]
Event: 2.627 Thread 0x0000018a72a1b650 Exception <a 'java/lang/NoSuchMethodError'{0x000000008994a370}: 'void java.lang.invoke.DirectMethodHandle$Holder.invokeSpecial(java.lang.Object, java.lang.Object, java.lang.Object)'> (0x000000008994a370) 
thrown [./open/src/hotspot/share/interpreter/linkResolver.cpp, line 782]
Event: 2.700 Thread 0x0000018a72a1b650 Exception <a 'java/lang/NoSuchMethodError'{0x00000000899cc2b0}: 'void java.lang.invoke.DirectMethodHandle$Holder.invokeStaticInit(java.lang.Object, java.lang.Object)'> (0x00000000899cc2b0) 
thrown [./open/src/hotspot/share/interpreter/linkResolver.cpp, line 782]
Event: 2.823 Thread 0x0000018a72a1b650 Exception <a 'java/lang/NoSuchMethodError'{0x00000000897416c8}: 'java.lang.Object java.lang.invoke.DirectMethodHandle$Holder.invokeStatic(java.lang.Object)'> (0x00000000897416c8) 
thrown [./open/src/hotspot/share/interpreter/linkResolver.cpp, line 782]
Event: 2.828 Thread 0x0000018a72a1b650 Exception <a 'java/lang/NoSuchMethodError'{0x0000000089752210}: 'java.lang.Object java.lang.invoke.DirectMethodHandle$Holder.invokeStaticInit(java.lang.Object, int, int, int, int)'> (0x0000000089752210) 
thrown [./open/src/hotspot/share/interpreter/linkResolver.cpp, line 782]
Event: 2.831 Thread 0x0000018a72a1b650 Exception <a 'sun/nio/fs/WindowsException'{0x0000000089759ed8}> (0x0000000089759ed8) 
thrown [./open/src/hotspot/share/prims/jni.cpp, line 578]
Event: 2.858 Thread 0x0000018a72a1b650 Exception <a 'java/lang/NoSuchMethodError'{0x00000000897b42f8}: 'int java.lang.invoke.DirectMethodHandle$Holder.invokeStaticInit(java.lang.Object, java.lang.Object, java.lang.Object, java.lang.Object)'> (0x00000000897b42f8) 
thrown [./open/src/hotspot/share/interpreter/linkResolver.cpp, line 782]
Event: 2.861 Thread 0x0000018a72a1b650 Exception <a 'java/lang/NoSuchMethodError'{0x00000000897be0c0}: 'java.lang.Object java.lang.invoke.DirectMethodHandle$Holder.invokeInterface(java.lang.Object, java.lang.Object)'> (0x00000000897be0c0) 
thrown [./open/src/hotspot/share/interpreter/linkResolver.cpp, line 782]
Event: 2.861 Thread 0x0000018a72a1b650 Exception <a 'java/lang/IncompatibleClassChangeError'{0x00000000897c1ab8}: Found class java.lang.Object, but interface was expected> (0x00000000897c1ab8) 
thrown [./open/src/hotspot/share/interpreter/linkResolver.cpp, line 848]
Event: 2.864 Thread 0x0000018a72a1b650 Exception <a 'java/lang/NoSuchMethodError'{0x00000000897ca598}: 'int java.lang.invoke.DirectMethodHandle$Holder.invokeStaticInit(java.lang.Object, java.lang.Object)'> (0x00000000897ca598) 
thrown [./open/src/hotspot/share/interpreter/linkResolver.cpp, line 782]
Event: 3.341 Thread 0x0000018a72a1b650 Exception <a 'java/lang/NoSuchMethodError'{0x0000000088fb2bf0}: 'java.lang.Object java.lang.invoke.DirectMethodHandle$Holder.invokeStaticInit(java.lang.Object, java.lang.Object, int, int, int, int)'> (0x0000000088fb2bf0) 
thrown [./open/src/hotspot/share/interpreter/linkResolver.cpp, line 782]
Event: 3.699 Thread 0x0000018a72a1b650 Exception <a 'java/lang/NoSuchMethodError'{0x00000000888bf100}: 'java.lang.Object java.lang.invoke.DirectMethodHandle$Holder.invokeStaticInit(java.lang.Object)'> (0x00000000888bf100) 
thrown [./open/src/hotspot/share/interpreter/linkResolver.cpp, line 782]
Event: 4.053 Thread 0x0000018a72a1b650 Exception <a 'java/lang/NoSuchMethodError'{0x0000000088370f88}: 'void java.lang.invoke.DirectMethodHandle$Holder.invokeStatic(java.lang.Object, java.lang.Object, java.lang.Object)'> (0x0000000088370f88) 
thrown [./open/src/hotspot/share/interpreter/linkResolver.cpp, line 782]
Event: 6.157 Thread 0x0000018a12810550 Exception <a 'java/lang/NoSuchMethodError'{0x00000000876933a0}: 'int java.lang.invoke.DirectMethodHandle$Holder.invokeSpecial(java.lang.Object, java.lang.Object, java.lang.Object)'> (0x00000000876933a0) 
thrown [./open/src/hotspot/share/interpreter/linkResolver.cpp, line 782]
Event: 6.222 Thread 0x0000018a12810f50 Exception <a 'java/lang/NoSuchMethodError'{0x0000000087e82528}: 'void java.lang.invoke.DirectMethodHandle$Holder.invokeInterface(java.lang.Object, java.lang.Object, java.lang.Object)'> (0x0000000087e82528) 
thrown [./open/src/hotspot/share/interpreter/linkResolver.cpp, line 782]
Event: 7.037 Thread 0x0000018a12810f50 Implicit null exception at 0x0000018a07ba3275 to 0x0000018a07ba3a88

Events (20 events):
Event: 549.636 Executing VM operation: ChangeBreakpoints
Event: 549.636 Executing VM operation: ChangeBreakpoints done
Event: 549.637 Executing VM operation: ChangeBreakpoints
Event: 549.638 Executing VM operation: ChangeBreakpoints done
Event: 562.034 loading class jdk/internal/access/foreign/MemorySegmentProxy
Event: 562.034 loading class jdk/internal/access/foreign/MemorySegmentProxy done
Event: 671.070 Executing VM operation: ChangeBreakpoints
Event: 671.072 Executing VM operation: ChangeBreakpoints done
Event: 671.073 Executing VM operation: ChangeBreakpoints
Event: 671.073 Executing VM operation: ChangeBreakpoints done
Event: 671.075 Executing VM operation: ChangeBreakpoints
Event: 671.076 Executing VM operation: ChangeBreakpoints done
Event: 671.078 Executing VM operation: ChangeBreakpoints
Event: 671.078 Executing VM operation: ChangeBreakpoints done
Event: 671.080 Executing VM operation: ChangeBreakpoints
Event: 671.081 Executing VM operation: ChangeBreakpoints done
Event: 842.395 Executing VM operation: ChangeBreakpoints
Event: 842.395 Executing VM operation: ChangeBreakpoints done
Event: 1168.554 loading class java/util/concurrent/locks/AbstractQueuedSynchronizer$Node
Event: 1168.554 loading class java/util/concurrent/locks/AbstractQueuedSynchronizer$Node done


Dynamic libraries:
0x00007ff793670000 - 0x00007ff79367f000 	C:\Program Files\Java\jdk-15.0.1\bin\java.exe
0x00007ff964560000 - 0x00007ff964741000 	C:\WINDOWS\SYSTEM32\ntdll.dll
0x00007ff962530000 - 0x00007ff9625e1000 	C:\WINDOWS\System32\KERNEL32.DLL
0x00007ff961050000 - 0x00007ff9612c3000 	C:\WINDOWS\System32\KERNELBASE.dll
0x00007ff9617d0000 - 0x00007ff9618c8000 	C:\WINDOWS\System32\ucrtbase.dll
0x00007ff95d2e0000 - 0x00007ff95d2f8000 	C:\Program Files\Java\jdk-15.0.1\bin\jli.dll
0x00007ff962670000 - 0x00007ff962711000 	C:\WINDOWS\System32\ADVAPI32.dll
0x00007ff9619b0000 - 0x00007ff961a4e000 	C:\WINDOWS\System32\msvcrt.dll
0x00007ff962610000 - 0x00007ff96266b000 	C:\WINDOWS\System32\sechost.dll
0x00007ff9627a0000 - 0x00007ff9628c4000 	C:\WINDOWS\System32\RPCRT4.dll
0x00007ff962330000 - 0x00007ff9624c0000 	C:\WINDOWS\System32\USER32.dll
0x00007ff9617b0000 - 0x00007ff9617d0000 	C:\WINDOWS\System32\win32u.dll
0x00007ff961bb0000 - 0x00007ff961bd8000 	C:\WINDOWS\System32\GDI32.dll
0x00007ff9612d0000 - 0x00007ff961461000 	C:\WINDOWS\System32\gdi32full.dll
0x00007ff961710000 - 0x00007ff9617af000 	C:\WINDOWS\System32\msvcp_win.dll
0x00007ff95cf20000 - 0x00007ff95cf39000 	C:\Program Files\Java\jdk-15.0.1\bin\VCRUNTIME140.dll
0x00007ff953f40000 - 0x00007ff9541a9000 	C:\WINDOWS\WinSxS\amd64_microsoft.windows.common-controls_6595b64144ccf1df_6.0.17134.1345_none_d3ffd07b7c9058ed\COMCTL32.dll
0x00007ff961be0000 - 0x00007ff961f01000 	C:\WINDOWS\System32\combase.dll
0x00007ff9618d0000 - 0x00007ff961949000 	C:\WINDOWS\System32\bcryptPrimitives.dll
0x00007ff954760000 - 0x00007ff95476a000 	C:\WINDOWS\SYSTEM32\VERSION.dll
0x00007ff963080000 - 0x00007ff9630ad000 	C:\WINDOWS\System32\IMM32.DLL
0x00007ff959d10000 - 0x00007ff959d1c000 	C:\Program Files\Java\jdk-15.0.1\bin\vcruntime140_1.dll
0x00007ff9407d0000 - 0x00007ff940861000 	C:\Program Files\Java\jdk-15.0.1\bin\msvcp140.dll
0x00007ff9383f0000 - 0x00007ff938f4e000 	C:\Program Files\Java\jdk-15.0.1\bin\server\jvm.dll
0x00007ff962e90000 - 0x00007ff962e98000 	C:\WINDOWS\System32\PSAPI.DLL
0x00007ff952660000 - 0x00007ff952669000 	C:\WINDOWS\SYSTEM32\WSOCK32.dll
0x00007ff9624c0000 - 0x00007ff96252c000 	C:\WINDOWS\System32\WS2_32.dll
0x00007ff95d2a0000 - 0x00007ff95d2c3000 	C:\WINDOWS\SYSTEM32\WINMM.dll
0x00007ff95d270000 - 0x00007ff95d29a000 	C:\WINDOWS\SYSTEM32\WINMMBASE.dll
0x00007ff9608e0000 - 0x00007ff960929000 	C:\WINDOWS\System32\cfgmgr32.dll
0x00007ff9608c0000 - 0x00007ff9608d1000 	C:\WINDOWS\System32\kernel.appcore.dll
0x00007ff959d00000 - 0x00007ff959d0a000 	C:\Program Files\Java\jdk-15.0.1\bin\jimage.dll
0x00007ff944860000 - 0x00007ff944a29000 	C:\WINDOWS\SYSTEM32\DBGHELP.DLL
0x00007ff959e10000 - 0x00007ff959e39000 	C:\WINDOWS\SYSTEM32\dbgcore.DLL
0x00007ff9416e0000 - 0x00007ff941719000 	C:\Program Files\Java\jdk-15.0.1\bin\jdwp.dll
0x00007ff959200000 - 0x00007ff95920e000 	C:\Program Files\Java\jdk-15.0.1\bin\instrument.dll
0x00007ff959530000 - 0x00007ff959555000 	C:\Program Files\Java\jdk-15.0.1\bin\java.dll
0x00007ff9630b0000 - 0x00007ff9644f5000 	C:\WINDOWS\System32\SHELL32.dll
0x00007ff962fd0000 - 0x00007ff963079000 	C:\WINDOWS\System32\shcore.dll
0x00007ff960930000 - 0x00007ff961041000 	C:\WINDOWS\System32\windows.storage.dll
0x00007ff961b50000 - 0x00007ff961ba1000 	C:\WINDOWS\System32\shlwapi.dll
0x00007ff960850000 - 0x00007ff96086f000 	C:\WINDOWS\System32\profapi.dll
0x00007ff960870000 - 0x00007ff9608bc000 	C:\WINDOWS\System32\powrprof.dll
0x00007ff960810000 - 0x00007ff960829000 	C:\WINDOWS\System32\Wldp.dll
0x00007ff961520000 - 0x00007ff961702000 	C:\WINDOWS\System32\CRYPT32.dll
0x00007ff960830000 - 0x00007ff960842000 	C:\WINDOWS\System32\MSASN1.dll
0x00007ff961950000 - 0x00007ff9619a7000 	C:\WINDOWS\System32\WINTRUST.dll
0x00007ff960800000 - 0x00007ff96080a000 	C:\WINDOWS\System32\FLTLIB.DLL
0x0000000074d90000 - 0x0000000074db0000 	C:\Program Files\Common Files\Crypto Pro\AppCompat\cpcrypt.dll
0x0000000074d80000 - 0x0000000074d87000 	C:\Program Files\Common Files\Crypto Pro\AppCompat\detoured.dll
0x00007ff958de0000 - 0x00007ff958deb000 	C:\Program Files\Java\jdk-15.0.1\bin\dt_socket.dll
0x00007ff95f990000 - 0x00007ff95f9c8000 	C:\WINDOWS\SYSTEM32\IPHLPAPI.DLL
0x00007ff95fc40000 - 0x00007ff95fca6000 	C:\WINDOWS\system32\mswsock.dll
0x00007ff958f00000 - 0x00007ff958f18000 	C:\Program Files\Java\jdk-15.0.1\bin\zip.dll
0x00007ff959210000 - 0x00007ff959229000 	C:\Program Files\Java\jdk-15.0.1\bin\net.dll
0x00007ff956970000 - 0x00007ff956a4d000 	C:\WINDOWS\SYSTEM32\WINHTTP.dll
0x00007ff9590e0000 - 0x00007ff9590f2000 	C:\Program Files\Java\jdk-15.0.1\bin\nio.dll
0x00007ff959520000 - 0x00007ff959530000 	C:\Program Files\Java\jdk-15.0.1\bin\verify.dll
0x00007ff958d10000 - 0x00007ff958d1d000 	C:\Program Files\Java\jdk-15.0.1\bin\sunmscapi.dll
0x00007ff9602d0000 - 0x00007ff9602f6000 	C:\WINDOWS\SYSTEM32\ncrypt.dll
0x00007ff960300000 - 0x00007ff960325000 	C:\WINDOWS\SYSTEM32\bcrypt.dll
0x00007ff960290000 - 0x00007ff9602c6000 	C:\WINDOWS\SYSTEM32\NTASN1.dll
0x00007ff9601f0000 - 0x00007ff960207000 	C:\WINDOWS\SYSTEM32\CRYPTSP.dll
0x0000000074d60000 - 0x0000000074d71000 	C:\Program Files\Common Files\Crypto Pro\AppCompat\cpadvai.dll
0x00007ff95f7f0000 - 0x00007ff95f823000 	C:\WINDOWS\system32\rsaenh.dll
0x00007ff960730000 - 0x00007ff960758000 	C:\WINDOWS\SYSTEM32\USERENV.dll
0x00007ff960210000 - 0x00007ff96021b000 	C:\WINDOWS\SYSTEM32\CRYPTBASE.dll
0x00007ff961b40000 - 0x00007ff961b48000 	C:\WINDOWS\System32\NSI.dll
0x00007ff957490000 - 0x00007ff9574a6000 	C:\WINDOWS\SYSTEM32\dhcpcsvc6.DLL
0x00007ff957a80000 - 0x00007ff957a9a000 	C:\WINDOWS\SYSTEM32\dhcpcsvc.DLL
0x00007ff95f9d0000 - 0x00007ff95fa8e000 	C:\WINDOWS\SYSTEM32\DNSAPI.dll
0x00007ff954be0000 - 0x00007ff954bea000 	C:\Windows\System32\rasadhlp.dll
0x00007ff955830000 - 0x00007ff9558a2000 	C:\WINDOWS\System32\fwpuclnt.dll

dbghelp: loaded successfully - version: 4.0.5 - missing functions: none
symbol engine: initialized successfully - sym options: 0x614 - pdb path: .;C:\Program Files\Java\jdk-15.0.1\bin;C:\WINDOWS\SYSTEM32;C:\WINDOWS\WinSxS\amd64_microsoft.windows.common-controls_6595b64144ccf1df_6.0.17134.1345_none_d3ffd07b7c9058ed;C:\Program Files\Java\jdk-15.0.1\bin\server;C:\Program Files\Common Files\Crypto Pro\AppCompat

VM Arguments:
jvm_args: -agentlib:jdwp=transport=dt_socket,address=127.0.0.1:52458,suspend=y,server=n -javaagent:C:\Users\Yura\AppData\Local\JetBrains\IdeaIC2020.3\captureAgent\debugger-agent.jar -Dfile.encoding=UTF-8 
java_command: becomeChampionBot
java_class_path (initial): C:\Users\Yura\IdeaProjects\becomeChampionBot\target\classes;C:\Users\Yura\.m2\repository\org\telegram\telegrambots\5.0.1\telegrambots-5.0.1.jar;C:\Users\Yura\.m2\repository\com\fasterxml\jackson\core\jackson-annotations\2.11.3\jackson-annotations-2.11.3.jar;C:\Users\Yura\.m2\repository\com\fasterxml\jackson\jaxrs\jackson-jaxrs-json-provider\2.11.3\jackson-jaxrs-json-provider-2.11.3.jar;C:\Users\Yura\.m2\repository\com\fasterxml\jackson\jaxrs\jackson-jaxrs-base\2.11.3\jackson-jaxrs-base-2.11.3.jar;C:\Users\Yura\.m2\repository\com\fasterxml\jackson\module\jackson-module-jaxb-annotations\2.11.3\jackson-module-jaxb-annotations-2.11.3.jar;C:\Users\Yura\.m2\repository\com\fasterxml\jackson\core\jackson-core\2.11.3\jackson-core-2.11.3.jar;C:\Users\Yura\.m2\repository\jakarta\xml\bind\jakarta.xml.bind-api\2.3.2\jakarta.xml.bind-api-2.3.2.jar;C:\Users\Yura\.m2\repository\jakarta\activation\jakarta.activation-api\1.2.1\jakarta.activation-api-1.2.1.jar;C:\Users\Yura\.m2\repository\com\fasterxml\jackson\core\jackson-databind\2.11.3\jackson-databind-2.11.3.jar;C:\Users\Yura\.m2\repository\org\glassfish\jersey\inject\jersey-hk2\2.32\jersey-hk2-2.32.jar;C:\Users\Yura\.m2\repository\org\glassfish\jersey\core\jersey-common\2.32\jersey-common-2.32.jar;C:\Users\Yura\.m2\repository\org\glassfish\hk2\osgi-resource-locator\1.0.3\osgi-resource-locator-1.0.3.jar;C:\Users\Yura\.m2\repository\com\sun\activation\jakarta.activation\1.2.2\jakarta.activation-1.2.2.jar;C:\Users\Yura\.m2\repository\org\glassfish\hk2\hk2-locator\2.6.1\hk2-locator-2.6.1.jar;C:\Users\Yura\.m2\repository\org\glassfish\hk2\external\aopalliance-repackaged\2.6.1\aopalliance-repackaged-2.6.1.jar;C:\Users\Yura\.m2\repository\org\glassfish\hk2\hk2-api\2.6.1\hk2-api-2.6.1.jar;C:\Users\Yura\.m2\repository\org\glassfish\hk2\hk2-utils\2.6.1\hk2-utils-2.6.1.jar;C:\Users\Yura\.m2\repository\org\javassist\javassist\3.25.0-GA\javassist-3.25.0-GA.jar;C:\Users\Yura\.m2\repository\org\glassfish\jersey\medi
Launcher Type: SUN_STANDARD

[Global flags]
     intx CICompilerCount                          = 3                                         {product} {ergonomic}
     uint ConcGCThreads                            = 1                                         {product} {ergonomic}
     uint G1ConcRefinementThreads                  = 4                                         {product} {ergonomic}
   size_t G1HeapRegionSize                         = 1048576                                   {product} {ergonomic}
    uintx GCDrainStackTargetSize                   = 64                                        {product} {ergonomic}
   size_t InitialHeapSize                          = 134217728                                 {product} {ergonomic}
   size_t MarkStackSize                            = 4194304                                   {product} {ergonomic}
   size_t MaxHeapSize                              = 2116026368                                {product} {ergonomic}
   size_t MaxNewSize                               = 1268776960                                {product} {ergonomic}
   size_t MinHeapDeltaBytes                        = 1048576                                   {product} {ergonomic}
   size_t MinHeapSize                              = 8388608                                   {product} {ergonomic}
    uintx NonNMethodCodeHeapSize                   = 5832780                                {pd product} {ergonomic}
    uintx NonProfiledCodeHeapSize                  = 122912730                              {pd product} {ergonomic}
    uintx ProfiledCodeHeapSize                     = 122912730                              {pd product} {ergonomic}
    uintx ReservedCodeCacheSize                    = 251658240                              {pd product} {ergonomic}
     bool SegmentedCodeCache                       = true                                      {product} {ergonomic}
   size_t SoftMaxHeapSize                          = 2116026368                             {manageable} {ergonomic}
     bool UseCompressedClassPointers               = true                                 {lp64_product} {ergonomic}
     bool UseCompressedOops                        = true                                 {lp64_product} {ergonomic}
     bool UseG1GC                                  = true                                      {product} {ergonomic}
     bool UseLargePagesIndividualAllocation        = false                                  {pd product} {ergonomic}

Logging:
Log output configuration:
 #0: stdout all=warning uptime,level,tags
 #1: stderr all=off uptime,level,tags

Environment Variables:
JAVA_HOME=C:\Program Files\Java\jdk1.8.0_251
PATH=C:\Program Files\Common Files\Oracle\Java\javapath;C:\Program Files (x86)\Common Files\Oracle\Java\javapath;C:\WINDOWS\system32;C:\WINDOWS;C:\WINDOWS\System32\Wbem;C:\WINDOWS\System32\WindowsPowerShell\v1.0\;C:\Program Files (x86)\QuickTime\QTSystem\;C:\WINDOWS\System32\OpenSSH\;C:\Program Files\Aladdin\eToken\PKIClient\x32;C:\Program Files\Aladdin\eToken\PKIClient\x64;C:\Program Files\Git\cmd;C:\Users\Yura\Downloads\apache-maven-3.6.3\bin;"C:\Users\Yura\AppData\Local\Microsoft\WindowsApps;C:\Program Files\Java\jdk1.8.0_251\bin";"C:\Users\Yura\AppData\Local\Polycom\RealPresence Desktop\;C:\Program Files\Java\jdk1.8.0_251\bin";C:\Program Files\heroku\bin
USERNAME=Yura
OS=Windows_NT
PROCESSOR_IDENTIFIER=Intel64 Family 6 Model 58 Stepping 9, GenuineIntel



---------------  S Y S T E M  ---------------

OS:
 Windows 10 , 64 bit Build 17134 (10.0.17134.753)
OS uptime: 4 days 5:12 hours

CPU: total 4 (initial active 4) (2 cores per cpu, 2 threads per core) family 6 model 58 stepping 9 microcode 0x21, cmov, cx8, fxsr, mmx, sse, sse2, sse3, ssse3, sse4.1, sse4.2, popcnt, vzeroupper, avx, aes, clmul, erms, ht, tsc, tscinvbit, tscinv, clflush

Memory: 4k page, system-wide physical 8071M (867M free)
TotalPageFile size 8071M (AvailPageFile size 88M)
current process WorkingSet (physical memory assigned to process): 145M, peak: 149M
current process commit charge ("private bytes"): 245M, peak: 249M

vm_info: Java HotSpot(TM) 64-Bit Server VM (15.0.1+9-18) for windows-amd64 JRE (15.0.1+9-18), built on Sep 15 2020 14:43:54 by "mach5one" with unknown MS VC++:1925

END.
