#
# There is insufficient memory for the Java Runtime Environment to continue.
# Native memory allocation (malloc) failed to allocate 76496 bytes for Chunk::new
# Possible reasons:
#   The system is out of physical RAM or swap space
#   The process is running with CompressedOops enabled, and the Java Heap may be blocking the growth of the native heap
# Possible solutions:
#   Reduce memory load on the system
#   Increase physical memory or swap space
#   Check if swap backing store is full
#   Decrease Java heap size (-Xmx/-Xms)
#   Decrease number of Java threads
#   Decrease Java thread stack sizes (-Xss)
#   Set larger code cache with -XX:ReservedCodeCacheSize=
#   JVM is running with Unscaled Compressed Oops mode in which the Java heap is
#     placed in the first 4GB address space. The Java Heap base address is the
#     maximum limit for the native heap growth. Please use -XX:HeapBaseMinAddress
#     to set the Java Heap base and to place the Java Heap above 4GB virtual address.
# This output file may be truncated or incomplete.
#
#  Out of Memory Error (allocation.cpp:389), pid=460, tid=0x0000000000004b50
#
# JRE version: Java(TM) SE Runtime Environment (8.0_251-b08) (build 1.8.0_251-b08)
# Java VM: Java HotSpot(TM) 64-Bit Server VM (25.251-b08 mixed mode windows-amd64 compressed oops)
# Failed to write core dump. Minidumps are not enabled by default on client versions of Windows
#

---------------  T H R E A D  ---------------

Current thread (0x0000000017a5b800):  JavaThread "C2 CompilerThread0" daemon [_thread_in_native, id=19280, stack(0x00000000190d0000,0x00000000191d0000)]

Stack: [0x00000000190d0000,0x00000000191d0000]
[error occurred during error reporting (printing stack bounds), id 0xc0000005]

Native frames: (J=compiled Java code, j=interpreted, Vv=VM code, C=native code)


Current CompileTask:
C2:   2573 1363       4       com.google.inject.TypeLiteral::<init> (43 bytes)


---------------  P R O C E S S  ---------------

Java Threads: ( => current thread )
  0x00000000193d8800 JavaThread "Service Thread" daemon [_thread_blocked, id=18484, stack(0x00000000197d0000,0x00000000198d0000)]
  0x0000000017a63000 JavaThread "C1 CompilerThread2" daemon [_thread_blocked, id=19144, stack(0x00000000192d0000,0x00000000193d0000)]
  0x0000000017a60000 JavaThread "C2 CompilerThread1" daemon [_thread_in_native, id=18560, stack(0x00000000191d0000,0x00000000192d0000)]
=>0x0000000017a5b800 JavaThread "C2 CompilerThread0" daemon [_thread_in_native, id=19280, stack(0x00000000190d0000,0x00000000191d0000)]
  0x0000000017a56000 JavaThread "Attach Listener" daemon [_thread_blocked, id=16688, stack(0x0000000018fd0000,0x00000000190d0000)]
  0x0000000017a54000 JavaThread "Signal Dispatcher" daemon [_thread_blocked, id=16140, stack(0x0000000018ed0000,0x0000000018fd0000)]
  0x0000000002f2c800 JavaThread "Finalizer" daemon [_thread_blocked, id=18600, stack(0x0000000018cd0000,0x0000000018dd0000)]
  0x0000000017a3a000 JavaThread "Reference Handler" daemon [_thread_blocked, id=18132, stack(0x0000000018bd0000,0x0000000018cd0000)]
  0x0000000002d2e800 JavaThread "main" [_thread_in_native, id=13400, stack(0x0000000002d30000,0x0000000002e30000)]

Other Threads:
  0x0000000017a18000 VMThread [stack: 0x0000000018ad0000,0x0000000018bd0000] [id=72]
  0x000000001940c000 WatcherThread [stack: 0x00000000198d0000,0x00000000199d0000] [id=19132]

VM state:not at safepoint (normal execution)

VM Mutex/Monitor currently owned by a thread: None

heap address: 0x0000000081e00000, size: 2018 MB, Compressed Oops mode: 32-bit
Narrow klass base: 0x0000000000000000, Narrow klass shift: 3
Compressed class space size: 1073741824 Address: 0x0000000100000000

Heap:
 PSYoungGen      total 38400K, used 13907K [0x00000000d5f80000, 0x00000000d8a00000, 0x0000000100000000)
  eden space 33280K, 26% used [0x00000000d5f80000,0x00000000d6816aa8,0x00000000d8000000)
  from space 5120K, 99% used [0x00000000d8500000,0x00000000d89fe168,0x00000000d8a00000)
  to   space 5120K, 0% used [0x00000000d8000000,0x00000000d8000000,0x00000000d8500000)
 ParOldGen       total 87552K, used 2131K [0x0000000081e00000, 0x0000000087380000, 0x00000000d5f80000)
  object space 87552K, 2% used [0x0000000081e00000,0x0000000082014ee0,0x0000000087380000)
 Metaspace       used 12837K, capacity 13050K, committed 13312K, reserved 1060864K
  class space    used 1605K, capacity 1703K, committed 1792K, reserved 1048576K

Card table byte_map: [0x00000000122f0000,0x00000000126f0000] byte_map_base: 0x0000000011ee1000

Marking Bits: (ParMarkBitMap*) 0x0000000073b9af90
 Begin Bits: [0x0000000012da0000, 0x0000000014d28000)
 End Bits:   [0x0000000014d28000, 0x0000000016cb0000)

Polling page: 0x0000000002c70000

CodeCache: size=245760Kb used=4913Kb max_used=4913Kb free=240846Kb
 bounds [0x0000000002f30000, 0x0000000003400000, 0x0000000011f30000]
 total_blobs=1739 nmethods=1412 adapters=239
 compilation: enabled

Compilation events (10 events):
Event: 2.556 Thread 0x0000000017a63000 nmethod 1411 0x00000000033f2650 code [0x00000000033f2ba0, 0x00000000033f6198]
Event: 2.556 Thread 0x0000000017a63000 1415       3       sun.reflect.generics.parser.SignatureParser::parseClassTypeSignature (118 bytes)
Event: 2.560 Thread 0x0000000017a63000 nmethod 1415 0x00000000033f8b50 code [0x00000000033f8f00, 0x00000000033faaa8]
Event: 2.560 Thread 0x0000000017a63000 1413       3       org.eclipse.sisu.space.NamedClass::load (14 bytes)
Event: 2.561 Thread 0x0000000017a63000 nmethod 1413 0x00000000033fbad0 code [0x00000000033fbc80, 0x00000000033fc1a8]
Event: 2.561 Thread 0x0000000017a63000 1412       3       com.google.inject.internal.SingletonScope::access$100 (4 bytes)
Event: 2.561 Thread 0x0000000017a63000 nmethod 1412 0x00000000033fc490 code [0x00000000033fc5e0, 0x00000000033fc710]
Event: 2.561 Thread 0x0000000017a63000 1416       3       com.google.common.collect.Maps$ViewCachingAbstractMap::values (23 bytes)
Event: 2.561 Thread 0x0000000017a63000 nmethod 1416 0x00000000033fc790 code [0x00000000033fc940, 0x00000000033fcec8]
Event: 2.561 Thread 0x0000000017a63000 1417       3       com.google.common.collect.Maps$Values::iterator (18 bytes)

GC Heap History (4 events):
Event: 1.612 GC heap before
{Heap before GC invocations=1 (full 0):
 PSYoungGen      total 38400K, used 33280K [0x00000000d5f80000, 0x00000000d8a00000, 0x0000000100000000)
  eden space 33280K, 100% used [0x00000000d5f80000,0x00000000d8000000,0x00000000d8000000)
  from space 5120K, 0% used [0x00000000d8500000,0x00000000d8500000,0x00000000d8a00000)
  to   space 5120K, 0% used [0x00000000d8000000,0x00000000d8000000,0x00000000d8500000)
 ParOldGen       total 87552K, used 0K [0x0000000081e00000, 0x0000000087380000, 0x00000000d5f80000)
  object space 87552K, 0% used [0x0000000081e00000,0x0000000081e00000,0x0000000087380000)
 Metaspace       used 8314K, capacity 8476K, committed 8576K, reserved 1056768K
  class space    used 1000K, capacity 1080K, committed 1152K, reserved 1048576K
Event: 1.620 GC heap after
Heap after GC invocations=1 (full 0):
 PSYoungGen      total 38400K, used 5104K [0x00000000d5f80000, 0x00000000d8a00000, 0x0000000100000000)
  eden space 33280K, 0% used [0x00000000d5f80000,0x00000000d5f80000,0x00000000d8000000)
  from space 5120K, 99% used [0x00000000d8000000,0x00000000d84fc168,0x00000000d8500000)
  to   space 5120K, 0% used [0x00000000d8500000,0x00000000d8500000,0x00000000d8a00000)
 ParOldGen       total 87552K, used 199K [0x0000000081e00000, 0x0000000087380000, 0x00000000d5f80000)
  object space 87552K, 0% used [0x0000000081e00000,0x0000000081e31f10,0x0000000087380000)
 Metaspace       used 8314K, capacity 8476K, committed 8576K, reserved 1056768K
  class space    used 1000K, capacity 1080K, committed 1152K, reserved 1048576K
}
Event: 2.251 GC heap before
{Heap before GC invocations=2 (full 0):
 PSYoungGen      total 38400K, used 38384K [0x00000000d5f80000, 0x00000000d8a00000, 0x0000000100000000)
  eden space 33280K, 100% used [0x00000000d5f80000,0x00000000d8000000,0x00000000d8000000)
  from space 5120K, 99% used [0x00000000d8000000,0x00000000d84fc168,0x00000000d8500000)
  to   space 5120K, 0% used [0x00000000d8500000,0x00000000d8500000,0x00000000d8a00000)
 ParOldGen       total 87552K, used 199K [0x0000000081e00000, 0x0000000087380000, 0x00000000d5f80000)
  object space 87552K, 0% used [0x0000000081e00000,0x0000000081e31f10,0x0000000087380000)
 Metaspace       used 11776K, capacity 11924K, committed 12160K, reserved 1060864K
  class space    used 1459K, capacity 1542K, committed 1664K, reserved 1048576K
Event: 2.262 GC heap after
Heap after GC invocations=2 (full 0):
 PSYoungGen      total 38400K, used 5112K [0x00000000d5f80000, 0x00000000d8a00000, 0x0000000100000000)
  eden space 33280K, 0% used [0x00000000d5f80000,0x00000000d5f80000,0x00000000d8000000)
  from space 5120K, 99% used [0x00000000d8500000,0x00000000d89fe168,0x00000000d8a00000)
  to   space 5120K, 0% used [0x00000000d8000000,0x00000000d8000000,0x00000000d8500000)
 ParOldGen       total 87552K, used 2131K [0x0000000081e00000, 0x0000000087380000, 0x00000000d5f80000)
  object space 87552K, 2% used [0x0000000081e00000,0x0000000082014ee0,0x0000000087380000)
 Metaspace       used 11776K, capacity 11924K, committed 12160K, reserved 1060864K
  class space    used 1459K, capacity 1542K, committed 1664K, reserved 1048576K
}

Deoptimization events (7 events):
Event: 1.023 Thread 0x0000000002d2e800 Uncommon trap: reason=unstable_if action=reinterpret pc=0x00000000030bb9d8 method=java.lang.String.indexOf([CII[CIII)I @ 3
Event: 1.343 Thread 0x0000000002d2e800 Uncommon trap: reason=unstable_if action=reinterpret pc=0x00000000030ec3a4 method=org.codehaus.plexus.util.xml.pull.MXParser.more()C @ 8
Event: 1.408 Thread 0x0000000002d2e800 Uncommon trap: reason=unstable_if action=reinterpret pc=0x00000000031df424 method=java.nio.charset.CoderResult.isOverflow()Z @ 5
Event: 1.464 Thread 0x0000000002d2e800 Uncommon trap: reason=unstable_if action=reinterpret pc=0x00000000031ed034 method=sun.nio.cs.StreamDecoder.implRead([CII)I @ 71
Event: 1.592 Thread 0x0000000002d2e800 Uncommon trap: reason=unstable_if action=reinterpret pc=0x0000000003197300 method=java.util.HashMap.getNode(ILjava/lang/Object;)Ljava/util/HashMap$Node; @ 129
Event: 1.592 Thread 0x0000000002d2e800 Uncommon trap: reason=unstable_if action=reinterpret pc=0x000000000318d5bc method=java.util.HashMap.getNode(ILjava/lang/Object;)Ljava/util/HashMap$Node; @ 129
Event: 1.608 Thread 0x0000000002d2e800 Uncommon trap: reason=range_check action=make_not_entrant pc=0x00000000032281e0 method=sun.reflect.generics.parser.SignatureParser.current()C @ 34

Classes redefined (0 events):
No events

Internal exceptions (10 events):
Event: 0.681 Thread 0x0000000002d2e800 Exception <a 'java/security/PrivilegedActionException'> (0x00000000d63c23e8) thrown at [C:\jenkins\workspace\8-2-build-windows-amd64-cygwin\jdk8u251\737\hotspot\src\share\vm\prims\jvm.cpp, line 1502]
Event: 1.316 Thread 0x0000000002d2e800 Exception <a 'java/lang/ArrayIndexOutOfBoundsException'> (0x00000000d728b0d0) thrown at [C:\jenkins\workspace\8-2-build-windows-amd64-cygwin\jdk8u251\737\hotspot\src\share\vm\runtime\sharedRuntime.cpp, line 605]
Event: 1.320 Thread 0x0000000002d2e800 Exception <a 'java/lang/ArrayIndexOutOfBoundsException'> (0x00000000d72a7e78) thrown at [C:\jenkins\workspace\8-2-build-windows-amd64-cygwin\jdk8u251\737\hotspot\src\share\vm\runtime\sharedRuntime.cpp, line 605]
Event: 1.330 Thread 0x0000000002d2e800 Exception <a 'java/lang/ArrayIndexOutOfBoundsException'> (0x00000000d72eb6c0) thrown at [C:\jenkins\workspace\8-2-build-windows-amd64-cygwin\jdk8u251\737\hotspot\src\share\vm\runtime\sharedRuntime.cpp, line 605]
Event: 1.518 Thread 0x0000000002d2e800 Exception <a 'java/lang/ArrayIndexOutOfBoundsException'> (0x00000000d7c6c530) thrown at [C:\jenkins\workspace\8-2-build-windows-amd64-cygwin\jdk8u251\737\hotspot\src\share\vm\runtime\sharedRuntime.cpp, line 605]
Event: 1.519 Thread 0x0000000002d2e800 Exception <a 'java/lang/ArrayIndexOutOfBoundsException'> (0x00000000d7c6e0c0) thrown at [C:\jenkins\workspace\8-2-build-windows-amd64-cygwin\jdk8u251\737\hotspot\src\share\vm\runtime\sharedRuntime.cpp, line 605]
Event: 1.609 Thread 0x0000000002d2e800 Exception <a 'java/lang/ArrayIndexOutOfBoundsException': 66> (0x00000000d7f442d0) thrown at [C:\jenkins\workspace\8-2-build-windows-amd64-cygwin\jdk8u251\737\hotspot\src\share\vm\interpreter\interpreterRuntime.cpp, line 368]
Event: 2.468 Thread 0x0000000002d2e800 Exception <a 'java/lang/NoClassDefFoundError': com/google/inject/servlet/ServletModuleTargetVisitor> (0x00000000d666dcc8) thrown at [C:\jenkins\workspace\8-2-build-windows-amd64-cygwin\jdk8u251\737\hotspot\src\share\vm\classfile\systemDictionary.cpp, line
Event: 2.468 Thread 0x0000000002d2e800 Exception <a 'java/lang/NoClassDefFoundError'> (0x00000000d666dcc8) thrown at [C:\jenkins\workspace\8-2-build-windows-amd64-cygwin\jdk8u251\737\hotspot\src\share\vm\prims\jvm.cpp, line 1506]
Event: 2.468 Thread 0x0000000002d2e800 Exception <a 'java/lang/NoClassDefFoundError': javax/annotation/Priority> (0x00000000d6672b88) thrown at [C:\jenkins\workspace\8-2-build-windows-amd64-cygwin\jdk8u251\737\hotspot\src\share\vm\classfile\systemDictionary.cpp, line 199]

Events (10 events):
Event: 2.556 loading class java/security/spec/AlgorithmParameterSpec
Event: 2.558 loading class java/security/spec/AlgorithmParameterSpec done
Event: 2.558 loading class java/security/MessageDigest
Event: 2.559 loading class java/security/MessageDigestSpi
Event: 2.559 loading class java/security/MessageDigestSpi done
Event: 2.559 loading class java/security/MessageDigest done
Event: 2.559 loading class java/security/Security
Event: 2.560 loading class java/security/Security done
Event: 2.561 loading class java/security/Security$1
Event: 2.561 loading class java/security/Security$1 done


Dynamic libraries:
0x00007ff7550b0000 - 0x00007ff7550e7000 	C:\Program Files\Java\jdk1.8.0_251\bin\java.exe
0x00007ff964560000 - 0x00007ff964741000 	C:\WINDOWS\SYSTEM32\ntdll.dll
0x00007ff962530000 - 0x00007ff9625e1000 	C:\WINDOWS\System32\KERNEL32.DLL
0x00007ff961050000 - 0x00007ff9612c3000 	C:\WINDOWS\System32\KERNELBASE.dll
0x00007ff962670000 - 0x00007ff962711000 	C:\WINDOWS\System32\ADVAPI32.dll
0x00007ff9619b0000 - 0x00007ff961a4e000 	C:\WINDOWS\System32\msvcrt.dll
0x00007ff962610000 - 0x00007ff96266b000 	C:\WINDOWS\System32\sechost.dll
0x00007ff9627a0000 - 0x00007ff9628c4000 	C:\WINDOWS\System32\RPCRT4.dll
0x00007ff962330000 - 0x00007ff9624c0000 	C:\WINDOWS\System32\USER32.dll
0x00007ff9617b0000 - 0x00007ff9617d0000 	C:\WINDOWS\System32\win32u.dll
0x00007ff961bb0000 - 0x00007ff961bd8000 	C:\WINDOWS\System32\GDI32.dll
0x00007ff9612d0000 - 0x00007ff961461000 	C:\WINDOWS\System32\gdi32full.dll
0x00007ff961710000 - 0x00007ff9617af000 	C:\WINDOWS\System32\msvcp_win.dll
0x00007ff9617d0000 - 0x00007ff9618c8000 	C:\WINDOWS\System32\ucrtbase.dll
0x00007ff953f40000 - 0x00007ff9541a9000 	C:\WINDOWS\WinSxS\amd64_microsoft.windows.common-controls_6595b64144ccf1df_6.0.17134.1345_none_d3ffd07b7c9058ed\COMCTL32.dll
0x00007ff961be0000 - 0x00007ff961f01000 	C:\WINDOWS\System32\combase.dll
0x00007ff9618d0000 - 0x00007ff961949000 	C:\WINDOWS\System32\bcryptPrimitives.dll
0x00007ff963080000 - 0x00007ff9630ad000 	C:\WINDOWS\System32\IMM32.DLL
0x0000000073c20000 - 0x0000000073cf2000 	C:\Program Files\Java\jdk1.8.0_251\jre\bin\msvcr100.dll
0x0000000073370000 - 0x0000000073c1b000 	C:\Program Files\Java\jdk1.8.0_251\jre\bin\server\jvm.dll
0x00007ff962e90000 - 0x00007ff962e98000 	C:\WINDOWS\System32\PSAPI.DLL
0x00007ff95d2a0000 - 0x00007ff95d2c3000 	C:\WINDOWS\SYSTEM32\WINMM.dll
0x00007ff952660000 - 0x00007ff952669000 	C:\WINDOWS\SYSTEM32\WSOCK32.dll
0x00007ff954760000 - 0x00007ff95476a000 	C:\WINDOWS\SYSTEM32\VERSION.dll
0x00007ff9624c0000 - 0x00007ff96252c000 	C:\WINDOWS\System32\WS2_32.dll
0x00007ff95d270000 - 0x00007ff95d29a000 	C:\WINDOWS\SYSTEM32\WINMMBASE.dll
0x00007ff9608e0000 - 0x00007ff960929000 	C:\WINDOWS\System32\cfgmgr32.dll
0x00007ff953270000 - 0x00007ff95327f000 	C:\Program Files\Java\jdk1.8.0_251\jre\bin\verify.dll
0x00007ff94d1c0000 - 0x00007ff94d1e9000 	C:\Program Files\Java\jdk1.8.0_251\jre\bin\java.dll
0x00007ff945850000 - 0x00007ff945866000 	C:\Program Files\Java\jdk1.8.0_251\jre\bin\zip.dll
0x00007ff9630b0000 - 0x00007ff9644f5000 	C:\WINDOWS\System32\SHELL32.dll
0x00007ff962fd0000 - 0x00007ff963079000 	C:\WINDOWS\System32\shcore.dll
0x00007ff960930000 - 0x00007ff961041000 	C:\WINDOWS\System32\windows.storage.dll
0x00007ff961b50000 - 0x00007ff961ba1000 	C:\WINDOWS\System32\shlwapi.dll
0x00007ff9608c0000 - 0x00007ff9608d1000 	C:\WINDOWS\System32\kernel.appcore.dll
0x00007ff960850000 - 0x00007ff96086f000 	C:\WINDOWS\System32\profapi.dll
0x00007ff960870000 - 0x00007ff9608bc000 	C:\WINDOWS\System32\powrprof.dll
0x00007ff960810000 - 0x00007ff960829000 	C:\WINDOWS\System32\Wldp.dll
0x00007ff961520000 - 0x00007ff961702000 	C:\WINDOWS\System32\CRYPT32.dll
0x00007ff960830000 - 0x00007ff960842000 	C:\WINDOWS\System32\MSASN1.dll
0x00007ff961950000 - 0x00007ff9619a7000 	C:\WINDOWS\System32\WINTRUST.dll
0x00007ff960800000 - 0x00007ff96080a000 	C:\WINDOWS\System32\FLTLIB.DLL
0x0000000074d90000 - 0x0000000074db0000 	C:\Program Files\Common Files\Crypto Pro\AppCompat\cpcrypt.dll
0x0000000074d80000 - 0x0000000074d87000 	C:\Program Files\Common Files\Crypto Pro\AppCompat\detoured.dll
0x00007ff94f7b0000 - 0x00007ff94f7ba000 	C:\Users\Yura\Downloads\apache-maven-3.6.3\lib\jansi-native\windows64\jansi.dll

VM Arguments:
jvm_args: -Dclassworlds.conf=C:\Users\Yura\Downloads\apache-maven-3.6.3\bin\..\bin\m2.conf -Dmaven.home=C:\Users\Yura\Downloads\apache-maven-3.6.3\bin\.. -Dlibrary.jansi.path=C:\Users\Yura\Downloads\apache-maven-3.6.3\bin\..\lib\jansi-native -Dmaven.multiModuleProjectDirectory=C:\Users\Yura\IdeaProjects\becomeChampionBot 
java_command: org.codehaus.plexus.classworlds.launcher.Launcher package
java_class_path (initial): C:\Users\Yura\Downloads\apache-maven-3.6.3\bin\..\boot\plexus-classworlds-2.6.0.jar
Launcher Type: SUN_STANDARD

Environment Variables:
JAVA_HOME=C:\Program Files\Java\jdk1.8.0_251
PATH=C:\Program Files\Common Files\Oracle\Java\javapath;C:\Program Files (x86)\Common Files\Oracle\Java\javapath;C:\WINDOWS\system32;C:\WINDOWS;C:\WINDOWS\System32\Wbem;C:\WINDOWS\System32\WindowsPowerShell\v1.0\;C:\Program Files (x86)\QuickTime\QTSystem\;C:\WINDOWS\System32\OpenSSH\;C:\Program Files\Aladdin\eToken\PKIClient\x32;C:\Program Files\Aladdin\eToken\PKIClient\x64;C:\Program Files\Git\cmd;C:\Users\Yura\Downloads\apache-maven-3.6.3\bin;"C:\Users\Yura\AppData\Local\Microsoft\WindowsApps;C:\Program Files\Java\jdk1.8.0_251\bin";"C:\Users\Yura\AppData\Local\Polycom\RealPresence Desktop\;C:\Program Files\Java\jdk1.8.0_251\bin";C:\Program Files\heroku\bin
USERNAME=Yura
OS=Windows_NT
PROCESSOR_IDENTIFIER=Intel64 Family 6 Model 58 Stepping 9, GenuineIntel



---------------  S Y S T E M  ---------------

OS: Windows 10.0 , 64 bit Build 17134 (10.0.17134.753)

CPU:total 4 (initial active 4) (2 cores per cpu, 2 threads per core) family 6 model 58 stepping 9, cmov, cx8, fxsr, mmx, sse, sse2, sse3, ssse3, sse4.1, sse4.2, popcnt, avx, aes, clmul, erms, ht, tsc, tscinvbit, tscinv

Memory: 4k page, physical 8264984k(1223008k free), swap 8264984k(4188k free)

vm_info: Java HotSpot(TM) 64-Bit Server VM (25.251-b08) for windows-amd64 JRE (1.8.0_251-b08), built on Mar 12 2020 06:31:49 by "" with MS VC++ 10.0 (VS2010)

time: Fri Feb 05 21:41:07 2021
timezone: RTZ 2 (зима)
elapsed time: 2 seconds (0d 0h 0m 2s)

